0.2247 	WARNING 	We strongly recommend you activate the PTB sound engine in PsychoPy prefs as the preferred audio engine. Its timing is vastly superior. Your prefs are currently set to use ['sounddevice', 'PTB', 'pyo', 'pygame'] (in that order).
4.5414 	INFO 	Loaded monitor calibration from ['2020_09_20 15:42']
6.7367 	WARNING 	Couldn't measure a consistent frame rate.
  - Is your graphics card set to sync to vertical blank?
  - Are you running other processes on your computer?

6.7372 	EXP 	Created window1 = Window(allowGUI=False, allowStencil=False, args=UNKNOWN, autoLog=True, bitsMode=UNKNOWN, blendMode='avg', bpc=(8, 8, 8), color=array([0., 0., 0.]), colorSpace='rgb', depthBits=8, fullscr=<method-wrapper '__getattribute__' of attributeSetter object at 0x153f02ba8>, gamma=None, gammaErrorPolicy='raise', kwargs=UNKNOWN, lms=UNKNOWN, monitor=<psychopy.monitors.calibTools.Monitor object at 0x155cb5a20>, multiSample=False, name='window1', numSamples=2, pos=[448.0, 280.0], screen=0, size=array([3584, 2240]), stencilBits=0, stereo=False, units='height', useFBO=True, useRetina=True, viewOri=0.0, viewPos=None, viewScale=None, waitBlanking=True, winType='pyglet')
6.7374 	EXP 	window1: mouseVisible = True
6.7375 	EXP 	window1: recordFrameIntervals = False
6.9031 	EXP 	window1: recordFrameIntervals = True
8.5703 	WARNING 	Couldn't measure a consistent frame rate.
  - Is your graphics card set to sync to vertical blank?
  - Are you running other processes on your computer?

9.0180 	EXP 	Created start_instructions = TextStim(__class__=<class 'psychopy.visual.text.TextStim'>, alignHoriz=method-wrapper(...), alignText='center', alignVert=method-wrapper(...), anchorHoriz='center', anchorVert='center', antialias=True, autoLog=True, bold=False, color='white', colorSpace='named', contrast=1.0, depth=0.0, flipHoriz=False, flipVert=False, font='Arial', fontFiles=[], height=0.1, italic=False, languageStyle='LTR', name='start_instructions', opacity=1.0, ori=0, pos=array([0., 0.]), rgb=array([255., 255., 255.]), text=str(...), units='height', win=Window(...), wrapWidth=1)
9.4028 	EXP 	Created target_image = ImageStim(__class__=<class 'psychopy.visual.image.ImageStim'>, autoLog=True, color=array([1., 1., 1.]), colorSpace='rgb', contrast=1.0, depth=0.0, flipHoriz=False, flipVert=False, image='sin', interpolate=True, mask=None, maskParams=None, name='target_image', opacity=1.0, ori=0.0, pos=array([0., 0.]), size=array([1., 1.]), texRes=512, units='height', win=Window(...))
9.4039 	EXP 	Created probe_image = ImageStim(__class__=<class 'psychopy.visual.image.ImageStim'>, autoLog=True, color=array([1., 1., 1.]), colorSpace='rgb', contrast=1.0, depth=-1.0, flipHoriz=False, flipVert=False, image='sin', interpolate=True, mask=None, maskParams=None, name='probe_image', opacity=1.0, ori=0.0, pos=array([0., 0.]), size=array([1., 1.]), texRes=512, units='height', win=Window(...))
9.8322 	WARNING 	t of last frame was 1262.13ms (=1/0)
9.8322 	EXP 	start_instructions: autoDraw = True
9.8534 	WARNING 	t of last frame was 21.19ms (=1/47)
10.9473 	DEBUG 	Read Excel file with pandas: image_stimuli.xlsx
10.9497 	DEBUG 	Clearing unnamed columns from image_stimuli.xlsx
10.9501 	EXP 	Imported image_stimuli.xlsx as conditions, 4 conditions, 3 params
10.9505 	EXP 	Created sequence: random, trialTypes=4, nReps=1, seed=None
10.9508 	EXP 	New trial (rep=0, index=0): OrderedDict([('target', '/stimuli/Featural_Set/f15.tif'), ('probe', '/stimuli/Featural_Set/f15.tif'), ('corrAns', 's')])
10.9509 	ERROR 	Couldn't find image /stimuli/Featural_Set/f15.tif; check path? (tried: /stimuli/Featural_Set/f15.tif)
11.2257 	EXP 	window1: mouseVisible = True
11.2258 	DEBUG 	Saving data for configural_featural ExperimentHandler
11.2263 	INFO 	saved data to /Users/sophia/Documents/PycharmProjects/Local_VS_Global/data/m_configural_featural_2020_Sep_20_2026.psydat
11.2266 	INFO 	saved data to '/Users/sophia/Documents/PycharmProjects/Local_VS_Global/data/m_configural_featural_2020_Sep_20_2026.csv'
