0.2347 	WARNING 	We strongly recommend you activate the PTB sound engine in PsychoPy prefs as the preferred audio engine. Its timing is vastly superior. Your prefs are currently set to use ['sounddevice', 'PTB', 'pyo', 'pygame'] (in that order).
5.2825 	INFO 	Loaded monitor calibration from ['2020_09_20 15:42']
7.4842 	WARNING 	Couldn't measure a consistent frame rate.
  - Is your graphics card set to sync to vertical blank?
  - Are you running other processes on your computer?

7.4847 	EXP 	Created window1 = Window(allowGUI=False, allowStencil=False, args=UNKNOWN, autoLog=True, bitsMode=UNKNOWN, blendMode='avg', bpc=(8, 8, 8), color=array([0., 0., 0.]), colorSpace='rgb', depthBits=8, fullscr=<method-wrapper '__getattribute__' of attributeSetter object at 0x1546c4b70>, gamma=None, gammaErrorPolicy='raise', kwargs=UNKNOWN, lms=UNKNOWN, monitor=<psychopy.monitors.calibTools.Monitor object at 0x156591d68>, multiSample=False, name='window1', numSamples=2, pos=[448.0, 280.0], screen=0, size=array([3584, 2240]), stencilBits=0, stereo=False, units='height', useFBO=True, useRetina=True, viewOri=0.0, viewPos=None, viewScale=None, waitBlanking=True, winType='pyglet')
7.4849 	EXP 	window1: mouseVisible = True
7.4850 	EXP 	window1: recordFrameIntervals = False
7.6508 	EXP 	window1: recordFrameIntervals = True
9.3192 	WARNING 	Couldn't measure a consistent frame rate.
  - Is your graphics card set to sync to vertical blank?
  - Are you running other processes on your computer?

9.7591 	EXP 	Created start_instructions = TextStim(__class__=<class 'psychopy.visual.text.TextStim'>, alignHoriz=method-wrapper(...), alignText='center', alignVert=method-wrapper(...), anchorHoriz='center', anchorVert='center', antialias=True, autoLog=True, bold=False, color='white', colorSpace='named', contrast=1.0, depth=0.0, flipHoriz=False, flipVert=False, font='Arial', fontFiles=[], height=0.1, italic=False, languageStyle='LTR', name='start_instructions', opacity=1.0, ori=0, pos=array([0., 0.]), rgb=array([255., 255., 255.]), text=str(...), units='height', win=Window(...), wrapWidth=1)
10.1420 	EXP 	Created target_image = ImageStim(__class__=<class 'psychopy.visual.image.ImageStim'>, autoLog=True, color=array([1., 1., 1.]), colorSpace='rgb', contrast=1.0, depth=0.0, flipHoriz=False, flipVert=False, image='stimuli/Featural_Set/f15.tif', interpolate=True, mask=None, maskParams=None, name='target_image', opacity=1.0, ori=0.0, pos=array([0., 0.]), size=array([200., 200.]), texRes=512, units='height', win=Window(...))
10.1449 	EXP 	Created fix_cross = TextStim(__class__=<class 'psychopy.visual.text.TextStim'>, alignHoriz=method-wrapper(...), alignText='center', alignVert=method-wrapper(...), anchorHoriz='center', anchorVert='center', antialias=True, autoLog=True, bold=False, color='white', colorSpace='named', contrast=1.0, depth=-1.0, flipHoriz=False, flipVert=False, font='Arial', fontFiles=[], height=0.15, italic=False, languageStyle='LTR', name='fix_cross', opacity=1.0, ori=0, pos=array([0., 0.]), rgb=array([255., 255., 255.]), text='+', units='height', win=Window(...), wrapWidth=1)
10.1472 	EXP 	Created probe_image = ImageStim(__class__=<class 'psychopy.visual.image.ImageStim'>, autoLog=True, color=array([1., 1., 1.]), colorSpace='rgb', contrast=1.0, depth=-2.0, flipHoriz=False, flipVert=False, image='stimuli/Featural_Set/f15.tif', interpolate=True, mask=None, maskParams=None, name='probe_image', opacity=1.0, ori=0.0, pos=array([0., 0.]), size=array([200., 200.]), texRes=512, units='height', win=Window(...))
10.5590 	WARNING 	t of last frame was 1239.99ms (=1/0)
10.5590 	EXP 	start_instructions: autoDraw = True
10.5812 	WARNING 	t of last frame was 22.18ms (=1/45)
10.6024 	WARNING 	t of last frame was 21.17ms (=1/47)
13.7959 	DATA 	Keypress: space
13.8028 	EXP 	start_instructions: autoDraw = False
13.8028 	EXP 	target_image: autoDraw = True
13.9840 	EXP 	fix_cross: autoDraw = True
14.0193 	EXP 	target_image: autoDraw = False
14.2838 	EXP 	fix_cross: autoDraw = False
14.2838 	EXP 	probe_image: autoDraw = True
14.4856 	EXP 	probe_image: autoDraw = False
20.4025 	WARNING 	t of last frame was 33.31ms (=1/30)
22.3368 	DATA 	Keypress: s
22.3507 	EXP 	target_image: autoDraw = False
22.3507 	EXP 	fix_cross: autoDraw = False
22.3507 	EXP 	probe_image: autoDraw = False
22.3515 	INFO 	saved data to '/Users/sophia/Documents/PycharmProjects/Local_VS_Global/data/m_configural_featural_2020_Sep_20_1955.csv'
22.3519 	INFO 	saved data to /Users/sophia/Documents/PycharmProjects/Local_VS_Global/data/m_configural_featural_2020_Sep_20_1955.psydat
22.6259 	EXP 	window1: mouseVisible = True
22.6260 	DEBUG 	Saving data for configural_featural ExperimentHandler
