0.2265 	WARNING 	We strongly recommend you activate the PTB sound engine in PsychoPy prefs as the preferred audio engine. Its timing is vastly superior. Your prefs are currently set to use ['sounddevice', 'PTB', 'pyo', 'pygame'] (in that order).
4.9012 	INFO 	Loaded monitor calibration from ['2020_09_20 15:42']
7.1222 	WARNING 	Couldn't measure a consistent frame rate.
  - Is your graphics card set to sync to vertical blank?
  - Are you running other processes on your computer?

7.1227 	EXP 	Created window1 = Window(allowGUI=False, allowStencil=False, args=UNKNOWN, autoLog=True, bitsMode=UNKNOWN, blendMode='avg', bpc=(8, 8, 8), color=array([0., 0., 0.]), colorSpace='rgb', depthBits=8, fullscr=<method-wrapper '__getattribute__' of attributeSetter object at 0x1549c2b00>, gamma=None, gammaErrorPolicy='raise', kwargs=UNKNOWN, lms=UNKNOWN, monitor=<psychopy.monitors.calibTools.Monitor object at 0x155552cf8>, multiSample=False, name='window1', numSamples=2, pos=[448.0, 280.0], screen=0, size=array([3584, 2240]), stencilBits=0, stereo=False, units='height', useFBO=True, useRetina=True, viewOri=0.0, viewPos=None, viewScale=None, waitBlanking=True, winType='pyglet')
7.1230 	EXP 	window1: mouseVisible = True
7.1230 	EXP 	window1: recordFrameIntervals = False
7.2888 	EXP 	window1: recordFrameIntervals = True
8.9557 	WARNING 	Couldn't measure a consistent frame rate.
  - Is your graphics card set to sync to vertical blank?
  - Are you running other processes on your computer?

9.4217 	EXP 	Created start_instructions = TextStim(__class__=<class 'psychopy.visual.text.TextStim'>, alignHoriz=method-wrapper(...), alignText='center', alignVert=method-wrapper(...), anchorHoriz='center', anchorVert='center', antialias=True, autoLog=True, bold=False, color='white', colorSpace='named', contrast=1.0, depth=0.0, flipHoriz=False, flipVert=False, font='Arial', fontFiles=[], height=0.1, italic=False, languageStyle='LTR', name='start_instructions', opacity=1.0, ori=0, pos=array([0., 0.]), rgb=array([255., 255., 255.]), text=str(...), units='height', win=Window(...), wrapWidth=1)
9.8081 	EXP 	Created target_image = ImageStim(__class__=<class 'psychopy.visual.image.ImageStim'>, autoLog=True, color=array([1., 1., 1.]), colorSpace='rgb', contrast=1.0, depth=0.0, flipHoriz=False, flipVert=False, image='stimuli/Featural_Set/f15.tif', interpolate=True, mask=None, maskParams=None, name='target_image', opacity=1.0, ori=0.0, pos=array([0., 0.]), size=array([0.25714286, 0.38571429]), texRes=512, units='height', win=Window(...))
9.8100 	EXP 	Created probe_image = ImageStim(__class__=<class 'psychopy.visual.image.ImageStim'>, autoLog=True, color=array([1., 1., 1.]), colorSpace='rgb', contrast=1.0, depth=-1.0, flipHoriz=False, flipVert=False, image='stimuli/Featural_Set/f15.tif', interpolate=True, mask=None, maskParams=None, name='probe_image', opacity=1.0, ori=0.0, pos=array([0., 0.]), size=array([0.25714286, 0.38571429]), texRes=512, units='height', win=Window(...))
10.2182 	WARNING 	t of last frame was 1262.72ms (=1/0)
10.2182 	EXP 	start_instructions: autoDraw = True
10.2407 	WARNING 	t of last frame was 22.50ms (=1/44)
12.2296 	DATA 	Keypress: space
12.2390 	EXP 	start_instructions: autoDraw = False
12.2390 	EXP 	target_image: autoDraw = True
12.4059 	EXP 	window1: recordFrameIntervals = False
12.4247 	EXP 	window1: recordFrameIntervals = True
12.7307 	EXP 	target_image: autoDraw = False
12.7526 	WARNING 	t of last frame was 21.95ms (=1/45)
12.7526 	EXP 	probe_image: autoDraw = True
12.7740 	WARNING 	t of last frame was 21.36ms (=1/46)
12.9557 	EXP 	probe_image: autoDraw = False
20.0241 	WARNING 	Multiple dropped frames have occurred - I'll stop bothering you about them!
28.7271 	DATA 	Keypress: s
28.7392 	EXP 	target_image: autoDraw = False
28.7392 	EXP 	probe_image: autoDraw = False
28.7409 	INFO 	saved data to '/Users/sophia/Documents/PycharmProjects/Local_VS_Global/data/m_configural_featural_2020_Sep_20_1957.csv'
28.7416 	INFO 	saved data to /Users/sophia/Documents/PycharmProjects/Local_VS_Global/data/m_configural_featural_2020_Sep_20_1957.psydat
29.0150 	EXP 	window1: mouseVisible = True
29.0152 	DEBUG 	Saving data for configural_featural ExperimentHandler
