0.2272 	WARNING 	We strongly recommend you activate the PTB sound engine in PsychoPy prefs as the preferred audio engine. Its timing is vastly superior. Your prefs are currently set to use ['sounddevice', 'PTB', 'pyo', 'pygame'] (in that order).
5.2014 	INFO 	Loaded monitor calibration from ['2020_09_20 15:42']
7.4039 	WARNING 	Couldn't measure a consistent frame rate.
  - Is your graphics card set to sync to vertical blank?
  - Are you running other processes on your computer?

7.4044 	EXP 	Created window1 = Window(allowGUI=False, allowStencil=False, args=UNKNOWN, autoLog=True, bitsMode=UNKNOWN, blendMode='avg', bpc=(8, 8, 8), color=array([0., 0., 0.]), colorSpace='rgb', depthBits=8, fullscr=<method-wrapper '__getattribute__' of attributeSetter object at 0x1540c4b70>, gamma=None, gammaErrorPolicy='raise', kwargs=UNKNOWN, lms=UNKNOWN, monitor=<psychopy.monitors.calibTools.Monitor object at 0x154e67d68>, multiSample=False, name='window1', numSamples=2, pos=[448.0, 280.0], screen=0, size=array([3584, 2240]), stencilBits=0, stereo=False, units='height', useFBO=True, useRetina=True, viewOri=0.0, viewPos=None, viewScale=None, waitBlanking=True, winType='pyglet')
7.4046 	EXP 	window1: mouseVisible = True
7.4046 	EXP 	window1: recordFrameIntervals = False
7.5675 	EXP 	window1: recordFrameIntervals = True
9.2364 	WARNING 	Couldn't measure a consistent frame rate.
  - Is your graphics card set to sync to vertical blank?
  - Are you running other processes on your computer?

9.6670 	EXP 	Created start_instructions = TextStim(__class__=<class 'psychopy.visual.text.TextStim'>, alignHoriz=method-wrapper(...), alignText='center', alignVert=method-wrapper(...), anchorHoriz='center', anchorVert='center', antialias=True, autoLog=True, bold=False, color='white', colorSpace='named', contrast=1.0, depth=0.0, flipHoriz=False, flipVert=False, font='Arial', fontFiles=[], height=0.1, italic=False, languageStyle='LTR', name='start_instructions', opacity=1.0, ori=0, pos=array([0., 0.]), rgb=array([255., 255., 255.]), text=str(...), units='height', win=Window(...), wrapWidth=1)
10.0398 	EXP 	Created target_image = ImageStim(__class__=<class 'psychopy.visual.image.ImageStim'>, autoLog=True, color=array([1., 1., 1.]), colorSpace='rgb', contrast=1.0, depth=0.0, flipHoriz=False, flipVert=False, image='stimuli/Featural_Set/f15.tif', interpolate=True, mask=None, maskParams=None, name='target_image', opacity=1.0, ori=0.0, pos=array([0., 0.]), size=array([0.25714286, 0.38571429]), texRes=512, units='height', win=Window(...))
10.0432 	EXP 	Created fix_cross = TextStim(__class__=<class 'psychopy.visual.text.TextStim'>, alignHoriz=method-wrapper(...), alignText='center', alignVert=method-wrapper(...), anchorHoriz='center', anchorVert='center', antialias=True, autoLog=True, bold=False, color='white', colorSpace='named', contrast=1.0, depth=-1.0, flipHoriz=False, flipVert=False, font='Arial', fontFiles=[], height=0.15, italic=False, languageStyle='LTR', name='fix_cross', opacity=1.0, ori=0, pos=array([0., 0.]), rgb=array([255., 255., 255.]), text='+', units='height', win=Window(...), wrapWidth=1)
10.0451 	EXP 	Created probe_image = ImageStim(__class__=<class 'psychopy.visual.image.ImageStim'>, autoLog=True, color=array([1., 1., 1.]), colorSpace='rgb', contrast=1.0, depth=-2.0, flipHoriz=False, flipVert=False, image='stimuli/Featural_Set/f15.tif', interpolate=True, mask=None, maskParams=None, name='probe_image', opacity=1.0, ori=0.0, pos=array([0., 0.]), size=array([0.25714286, 0.38571429]), texRes=512, units='height', win=Window(...))
10.4433 	WARNING 	t of last frame was 1207.07ms (=1/0)
10.4433 	EXP 	start_instructions: autoDraw = True
10.4655 	WARNING 	t of last frame was 22.22ms (=1/45)
10.4867 	WARNING 	t of last frame was 21.18ms (=1/47)
11.6775 	DATA 	Keypress: space
11.6846 	EXP 	start_instructions: autoDraw = False
11.6846 	EXP 	target_image: autoDraw = True
11.8515 	EXP 	fix_cross: autoDraw = True
11.8850 	EXP 	target_image: autoDraw = False
12.1515 	EXP 	fix_cross: autoDraw = False
12.1515 	EXP 	probe_image: autoDraw = True
12.3515 	EXP 	probe_image: autoDraw = False
16.3547 	DATA 	Keypress: s
16.3683 	EXP 	target_image: autoDraw = False
16.3683 	EXP 	fix_cross: autoDraw = False
16.3683 	EXP 	probe_image: autoDraw = False
16.3694 	INFO 	saved data to '/Users/sophia/Documents/PycharmProjects/Local_VS_Global/data/m_configural_featural_2020_Sep_20_1956.csv'
16.3699 	INFO 	saved data to /Users/sophia/Documents/PycharmProjects/Local_VS_Global/data/m_configural_featural_2020_Sep_20_1956.psydat
16.6435 	EXP 	window1: mouseVisible = True
16.6436 	DEBUG 	Saving data for configural_featural ExperimentHandler
