0.2281 	WARNING 	We strongly recommend you activate the PTB sound engine in PsychoPy prefs as the preferred audio engine. Its timing is vastly superior. Your prefs are currently set to use ['sounddevice', 'PTB', 'pyo', 'pygame'] (in that order).
4.8682 	INFO 	Loaded monitor calibration from ['2020_09_20 15:42']
7.0678 	WARNING 	Couldn't measure a consistent frame rate.
  - Is your graphics card set to sync to vertical blank?
  - Are you running other processes on your computer?

7.0684 	EXP 	Created window1 = Window(allowGUI=False, allowStencil=False, args=UNKNOWN, autoLog=True, bitsMode=UNKNOWN, blendMode='avg', bpc=(8, 8, 8), color=array([0., 0., 0.]), colorSpace='rgb', depthBits=8, fullscr=<method-wrapper '__getattribute__' of attributeSetter object at 0x1550c3ba8>, gamma=None, gammaErrorPolicy='raise', kwargs=UNKNOWN, lms=UNKNOWN, monitor=<psychopy.monitors.calibTools.Monitor object at 0x155c78a20>, multiSample=False, name='window1', numSamples=2, pos=[448.0, 280.0], screen=0, size=array([3584, 2240]), stencilBits=0, stereo=False, units='height', useFBO=True, useRetina=True, viewOri=0.0, viewPos=None, viewScale=None, waitBlanking=True, winType='pyglet')
7.0686 	EXP 	window1: mouseVisible = True
7.0686 	EXP 	window1: recordFrameIntervals = False
7.2344 	EXP 	window1: recordFrameIntervals = True
8.9015 	WARNING 	Couldn't measure a consistent frame rate.
  - Is your graphics card set to sync to vertical blank?
  - Are you running other processes on your computer?

9.3309 	EXP 	Created start_instructions = TextStim(__class__=<class 'psychopy.visual.text.TextStim'>, alignHoriz=method-wrapper(...), alignText='center', alignVert=method-wrapper(...), anchorHoriz='center', anchorVert='center', antialias=True, autoLog=True, bold=False, color='white', colorSpace='named', contrast=1.0, depth=0.0, flipHoriz=False, flipVert=False, font='Arial', fontFiles=[], height=0.1, italic=False, languageStyle='LTR', name='start_instructions', opacity=1.0, ori=0, pos=array([0., 0.]), rgb=array([255., 255., 255.]), text=str(...), units='height', win=Window(...), wrapWidth=1)
9.7003 	EXP 	Created target_image = ImageStim(__class__=<class 'psychopy.visual.image.ImageStim'>, autoLog=True, color=array([1., 1., 1.]), colorSpace='rgb', contrast=1.0, depth=0.0, flipHoriz=False, flipVert=False, image='sin', interpolate=True, mask=None, maskParams=None, name='target_image', opacity=1.0, ori=0.0, pos=array([0., 0.]), size=array([0.5, 0.5]), texRes=512, units='height', win=Window(...))
9.7014 	EXP 	Created probe_image = ImageStim(__class__=<class 'psychopy.visual.image.ImageStim'>, autoLog=True, color=array([1., 1., 1.]), colorSpace='rgb', contrast=1.0, depth=-1.0, flipHoriz=False, flipVert=False, image='sin', interpolate=True, mask=None, maskParams=None, name='probe_image', opacity=1.0, ori=0.0, pos=array([0., 0.]), size=array([0.5, 0.5]), texRes=512, units='height', win=Window(...))
10.0980 	WARNING 	t of last frame was 1196.76ms (=1/0)
10.0980 	EXP 	start_instructions: autoDraw = True
10.1196 	WARNING 	t of last frame was 21.54ms (=1/46)
15.1715 	DEBUG 	Read csv file with pandas: image_stimuli.csv
15.1738 	DEBUG 	Clearing unnamed columns from image_stimuli.csv
15.1742 	EXP 	Imported image_stimuli.csv as conditions, 4 conditions, 3 params
15.1745 	EXP 	Created sequence: random, trialTypes=4, nReps=1, seed=None
15.1748 	EXP 	New trial (rep=0, index=0): OrderedDict([('target', 'stimuli/Featural_Set/f15.tif'), ('probe', 'stimuli/Featural_Set/f15.tif'), ('corrAns', 'd')])
15.1957 	DATA 	Keypress: space
15.2154 	WARNING 	t of last frame was 48.22ms (=1/20)
15.2154 	EXP 	start_instructions: autoDraw = False
15.2154 	EXP 	target_image: image = 'stimuli/Featural_Set/f15.tif'
15.2154 	EXP 	probe_image: image = 'stimuli/Featural_Set/f15.tif'
15.2154 	EXP 	target_image: autoDraw = True
15.2363 	WARNING 	t of last frame was 20.93ms (=1/47)
15.3849 	EXP 	window1: recordFrameIntervals = False
15.4038 	EXP 	window1: recordFrameIntervals = True
15.7095 	EXP 	target_image: autoDraw = False
15.7319 	WARNING 	Multiple dropped frames have occurred - I'll stop bothering you about them!
15.7319 	EXP 	probe_image: autoDraw = True
15.9346 	EXP 	probe_image: autoDraw = False
20.2056 	EXP 	New trial (rep=0, index=1): OrderedDict([('target', 'stimuli/Featural_Set/f15.tif'), ('probe', 'stimuli/Featural_Set/f15.tif'), ('corrAns', 's')])
20.2129 	DATA 	Keypress: s
20.2176 	EXP 	target_image: autoDraw = False
20.2176 	EXP 	probe_image: autoDraw = False
20.2176 	EXP 	target_image: image = 'stimuli/Featural_Set/f15.tif'
20.2176 	EXP 	probe_image: image = 'stimuli/Featural_Set/f15.tif'
20.2176 	EXP 	target_image: autoDraw = True
20.4197 	EXP 	target_image: autoDraw = False
20.4198 	EXP 	window1: recordFrameIntervals = False
20.4346 	EXP 	window1: recordFrameIntervals = True
20.7512 	EXP 	probe_image: autoDraw = True
20.9513 	EXP 	probe_image: autoDraw = False
21.6040 	EXP 	New trial (rep=0, index=2): OrderedDict([('target', 'stimuli/Featural_Set/f15.tif'), ('probe', 'stimuli/Featural_Set/f15.tif'), ('corrAns', 'd')])
21.6134 	DATA 	Keypress: s
21.6180 	EXP 	target_image: autoDraw = False
21.6180 	EXP 	probe_image: autoDraw = False
21.6180 	EXP 	target_image: image = 'stimuli/Featural_Set/f15.tif'
21.6180 	EXP 	probe_image: image = 'stimuli/Featural_Set/f15.tif'
21.6180 	EXP 	target_image: autoDraw = True
21.8033 	EXP 	window1: recordFrameIntervals = False
21.8179 	EXP 	target_image: autoDraw = False
21.8180 	EXP 	window1: recordFrameIntervals = True
22.1345 	EXP 	probe_image: autoDraw = True
22.3346 	EXP 	probe_image: autoDraw = False
22.7025 	EXP 	New trial (rep=0, index=3): OrderedDict([('target', 'stimuli/Featural_Set/f15.tif'), ('probe', 'stimuli/Featural_Set/f15.tif'), ('corrAns', 's')])
22.7094 	DATA 	Keypress: s
22.7179 	EXP 	target_image: autoDraw = False
22.7179 	EXP 	probe_image: autoDraw = False
22.7179 	EXP 	target_image: image = 'stimuli/Featural_Set/f15.tif'
22.7179 	EXP 	probe_image: image = 'stimuli/Featural_Set/f15.tif'
22.7179 	EXP 	target_image: autoDraw = True
22.9014 	EXP 	window1: recordFrameIntervals = False
22.9197 	EXP 	target_image: autoDraw = False
22.9198 	EXP 	window1: recordFrameIntervals = True
23.2486 	EXP 	probe_image: autoDraw = True
23.4513 	EXP 	probe_image: autoDraw = False
24.0400 	DATA 	Keypress: s
24.0514 	EXP 	target_image: autoDraw = False
24.0514 	EXP 	probe_image: autoDraw = False
24.0529 	INFO 	saved data to '/Users/sophia/Documents/PycharmProjects/Local_VS_Global/data/m_configural_featural_2020_Sep_20_2045.csv'
24.0537 	INFO 	saved data to /Users/sophia/Documents/PycharmProjects/Local_VS_Global/data/m_configural_featural_2020_Sep_20_2045.psydat
24.3279 	EXP 	window1: mouseVisible = True
24.3280 	DEBUG 	Saving data for configural_featural ExperimentHandler
