0.4197 	WARNING 	We strongly recommend you activate the PTB sound engine in PsychoPy prefs as the preferred audio engine. Its timing is vastly superior. Your prefs are currently set to use ['sounddevice', 'PTB', 'pyo', 'pygame'] (in that order).
7.3711 	INFO 	Loaded monitor calibration from ['2020_09_20 15:42']
9.5968 	WARNING 	Couldn't measure a consistent frame rate.
  - Is your graphics card set to sync to vertical blank?
  - Are you running other processes on your computer?

9.5973 	EXP 	Created window1 = Window(allowGUI=False, allowStencil=False, args=UNKNOWN, autoLog=True, bitsMode=UNKNOWN, blendMode='avg', bpc=(8, 8, 8), color=array([0., 0., 0.]), colorSpace='rgb', depthBits=8, fullscr=<method-wrapper '__getattribute__' of attributeSetter object at 0x1560c4ba8>, gamma=None, gammaErrorPolicy='raise', kwargs=UNKNOWN, lms=UNKNOWN, monitor=<psychopy.monitors.calibTools.Monitor object at 0x156f69e48>, multiSample=False, name='window1', numSamples=2, pos=[448.0, 280.0], screen=0, size=array([3584, 2240]), stencilBits=0, stereo=False, units='height', useFBO=True, useRetina=True, viewOri=0.0, viewPos=None, viewScale=None, waitBlanking=True, winType='pyglet')
9.5975 	EXP 	window1: mouseVisible = True
9.5976 	EXP 	window1: recordFrameIntervals = False
9.7650 	EXP 	window1: recordFrameIntervals = True
11.4318 	WARNING 	Couldn't measure a consistent frame rate.
  - Is your graphics card set to sync to vertical blank?
  - Are you running other processes on your computer?

11.9338 	EXP 	Created start_instructions = TextStim(__class__=<class 'psychopy.visual.text.TextStim'>, alignHoriz=method-wrapper(...), alignText='center', alignVert=method-wrapper(...), anchorHoriz='center', anchorVert='center', antialias=True, autoLog=True, bold=False, color='white', colorSpace='named', contrast=1.0, depth=0.0, flipHoriz=False, flipVert=False, font='Arial', fontFiles=[], height=0.1, italic=False, languageStyle='LTR', name='start_instructions', opacity=1.0, ori=0, pos=array([0., 0.]), rgb=array([255., 255., 255.]), text=str(...), units='height', win=Window(...), wrapWidth=1)
12.3054 	EXP 	Created target_image = ImageStim(__class__=<class 'psychopy.visual.image.ImageStim'>, autoLog=True, color=array([1., 1., 1.]), colorSpace='rgb', contrast=1.0, depth=0.0, flipHoriz=False, flipVert=False, image='sin', interpolate=True, mask=None, maskParams=None, name='target_image', opacity=1.0, ori=0.0, pos=array([0., 0.]), size=array([0.5, 0.5]), texRes=512, units='height', win=Window(...))
12.3065 	EXP 	Created probe_image = ImageStim(__class__=<class 'psychopy.visual.image.ImageStim'>, autoLog=True, color=array([1., 1., 1.]), colorSpace='rgb', contrast=1.0, depth=-1.0, flipHoriz=False, flipVert=False, image='sin', interpolate=True, mask=None, maskParams=None, name='probe_image', opacity=1.0, ori=0.0, pos=array([0., 0.]), size=array([0.5, 0.5]), texRes=512, units='height', win=Window(...))
12.7078 	WARNING 	t of last frame was 1276.19ms (=1/0)
12.7078 	EXP 	start_instructions: autoDraw = True
12.7316 	WARNING 	t of last frame was 23.85ms (=1/41)
13.8694 	DEBUG 	Read csv file with pandas: image_stimuli.csv
13.8718 	DEBUG 	Clearing unnamed columns from image_stimuli.csv
13.8722 	EXP 	Imported image_stimuli.csv as conditions, 4 conditions, 3 params
13.8726 	EXP 	Created sequence: random, trialTypes=4, nReps=1, seed=None
13.8729 	EXP 	New trial (rep=0, index=0): OrderedDict([('target', 'stimuli/Featural_Set/f15.tif'), ('probe', 'stimuli/Featural_Set/f15.tif'), ('corrAns', 's')])
13.9157 	DATA 	Keypress: space
13.9404 	WARNING 	t of last frame was 75.62ms (=1/13)
13.9404 	EXP 	start_instructions: autoDraw = False
13.9404 	EXP 	target_image: image = 'stimuli/Featural_Set/f15.tif'
13.9404 	EXP 	probe_image: image = 'stimuli/Featural_Set/f15.tif'
13.9404 	EXP 	target_image: autoDraw = True
14.1134 	EXP 	window1: recordFrameIntervals = False
14.1323 	EXP 	window1: recordFrameIntervals = True
14.4383 	EXP 	target_image: autoDraw = False
14.4606 	WARNING 	t of last frame was 22.33ms (=1/44)
14.4606 	EXP 	probe_image: autoDraw = True
14.4817 	WARNING 	Multiple dropped frames have occurred - I'll stop bothering you about them!
14.6633 	EXP 	probe_image: autoDraw = False
16.3827 	EXP 	New trial (rep=0, index=1): OrderedDict([('target', 'stimuli/Featural_Set/f24.tif'), ('probe', 'stimuli/Featural_Set/f15.tif'), ('corrAns', 'd')])
16.3939 	DATA 	Keypress: s
16.4151 	EXP 	target_image: autoDraw = False
16.4151 	EXP 	probe_image: autoDraw = False
16.4151 	EXP 	target_image: image = 'stimuli/Featural_Set/f24.tif'
16.4151 	EXP 	probe_image: image = 'stimuli/Featural_Set/f15.tif'
16.4151 	EXP 	target_image: autoDraw = True
16.5968 	EXP 	window1: recordFrameIntervals = False
16.6153 	EXP 	window1: recordFrameIntervals = True
16.9209 	EXP 	target_image: autoDraw = False
16.9436 	EXP 	probe_image: autoDraw = True
17.1467 	EXP 	probe_image: autoDraw = False
18.5152 	EXP 	New trial (rep=0, index=2): OrderedDict([('target', 'stimuli/Featural_Set/f15.tif'), ('probe', 'stimuli/Featural_Set/f15.tif'), ('corrAns', 's')])
18.5228 	DATA 	Keypress: d
18.5298 	EXP 	target_image: autoDraw = False
18.5298 	EXP 	probe_image: autoDraw = False
18.5298 	EXP 	target_image: image = 'stimuli/Featural_Set/f15.tif'
18.5298 	EXP 	probe_image: image = 'stimuli/Featural_Set/f15.tif'
18.5298 	EXP 	target_image: autoDraw = True
18.7151 	EXP 	window1: recordFrameIntervals = False
18.7299 	EXP 	target_image: autoDraw = False
18.7301 	EXP 	window1: recordFrameIntervals = True
19.0466 	EXP 	probe_image: autoDraw = True
19.2464 	EXP 	probe_image: autoDraw = False
19.8154 	EXP 	New trial (rep=0, index=3): OrderedDict([('target', 'stimuli/Featural_Set/f15.tif'), ('probe', 'stimuli/Featural_Set/f24.tif'), ('corrAns', 'd')])
19.8237 	DATA 	Keypress: s
19.8295 	EXP 	target_image: autoDraw = False
19.8295 	EXP 	probe_image: autoDraw = False
19.8295 	EXP 	target_image: image = 'stimuli/Featural_Set/f15.tif'
19.8295 	EXP 	probe_image: image = 'stimuli/Featural_Set/f24.tif'
19.8295 	EXP 	target_image: autoDraw = True
20.0151 	EXP 	window1: recordFrameIntervals = False
20.0300 	EXP 	target_image: autoDraw = False
20.0302 	EXP 	window1: recordFrameIntervals = True
20.3466 	EXP 	probe_image: autoDraw = True
20.5467 	EXP 	probe_image: autoDraw = False
21.0341 	DATA 	Keypress: d
21.0466 	EXP 	target_image: autoDraw = False
21.0466 	EXP 	probe_image: autoDraw = False
21.0478 	INFO 	saved data to '/Users/sophia/Documents/PycharmProjects/Local_VS_Global/data/m_configural_featural_2020_Sep_20_2050.csv'
21.0486 	INFO 	saved data to /Users/sophia/Documents/PycharmProjects/Local_VS_Global/data/m_configural_featural_2020_Sep_20_2050.psydat
21.3246 	EXP 	window1: mouseVisible = True
21.3248 	DEBUG 	Saving data for configural_featural ExperimentHandler
