0.2292 	WARNING 	We strongly recommend you activate the PTB sound engine in PsychoPy prefs as the preferred audio engine. Its timing is vastly superior. Your prefs are currently set to use ['sounddevice', 'PTB', 'pyo', 'pygame'] (in that order).
8.5756 	INFO 	Loaded monitor calibration from ['2020_09_20 15:42']
10.7773 	WARNING 	Couldn't measure a consistent frame rate.
  - Is your graphics card set to sync to vertical blank?
  - Are you running other processes on your computer?

10.7778 	EXP 	Created window1 = Window(allowGUI=False, allowStencil=False, args=UNKNOWN, autoLog=True, bitsMode=UNKNOWN, blendMode='avg', bpc=(8, 8, 8), color=array([0., 0., 0.]), colorSpace='rgb', depthBits=8, fullscr=<method-wrapper '__getattribute__' of attributeSetter object at 0x156301ba8>, gamma=None, gammaErrorPolicy='raise', kwargs=UNKNOWN, lms=UNKNOWN, monitor=<psychopy.monitors.calibTools.Monitor object at 0x157150e48>, multiSample=False, name='window1', numSamples=2, pos=[448.0, 280.0], screen=0, size=array([3584, 2240]), stencilBits=0, stereo=False, units='height', useFBO=True, useRetina=True, viewOri=0.0, viewPos=None, viewScale=None, waitBlanking=True, winType='pyglet')
10.7780 	EXP 	window1: mouseVisible = True
10.7781 	EXP 	window1: recordFrameIntervals = False
10.9438 	EXP 	window1: recordFrameIntervals = True
11.3655 	WARNING 	t of last frame was 21.67ms (=1/46)
12.6123 	WARNING 	Couldn't measure a consistent frame rate.
  - Is your graphics card set to sync to vertical blank?
  - Are you running other processes on your computer?

13.0510 	EXP 	Created start_instructions = TextStim(__class__=<class 'psychopy.visual.text.TextStim'>, alignHoriz=method-wrapper(...), alignText='center', alignVert=method-wrapper(...), anchorHoriz='center', anchorVert='center', antialias=True, autoLog=True, bold=False, color='white', colorSpace='named', contrast=1.0, depth=0.0, flipHoriz=False, flipVert=False, font='Arial', fontFiles=[], height=0.1, italic=False, languageStyle='LTR', name='start_instructions', opacity=1.0, ori=0, pos=array([0., 0.]), rgb=array([255., 255., 255.]), text=str(...), units='height', win=Window(...), wrapWidth=1)
13.4302 	EXP 	Created target_image = ImageStim(__class__=<class 'psychopy.visual.image.ImageStim'>, autoLog=True, color=array([1., 1., 1.]), colorSpace='rgb', contrast=1.0, depth=0.0, flipHoriz=False, flipVert=False, image='sin', interpolate=True, mask=None, maskParams=None, name='target_image', opacity=1.0, ori=0.0, pos=array([0., 0.]), size=array([1., 1.]), texRes=512, units='height', win=Window(...))
13.4313 	EXP 	Created probe_image = ImageStim(__class__=<class 'psychopy.visual.image.ImageStim'>, autoLog=True, color=array([1., 1., 1.]), colorSpace='rgb', contrast=1.0, depth=-1.0, flipHoriz=False, flipVert=False, image='sin', interpolate=True, mask=None, maskParams=None, name='probe_image', opacity=1.0, ori=0.0, pos=array([0., 0.]), size=array([1., 1.]), texRes=512, units='height', win=Window(...))
13.8246 	WARNING 	t of last frame was 1212.52ms (=1/0)
13.8246 	EXP 	start_instructions: autoDraw = True
13.8455 	WARNING 	t of last frame was 20.87ms (=1/47)
15.3664 	WARNING 	t of last frame was 20.30ms (=1/49)
15.7686 	DEBUG 	Read Excel file with pandas: image_stimuli.xlsx
15.7709 	DEBUG 	Clearing unnamed columns from image_stimuli.xlsx
15.7714 	EXP 	Imported image_stimuli.xlsx as conditions, 4 conditions, 3 params
15.7717 	EXP 	Created sequence: random, trialTypes=4, nReps=1, seed=None
15.7720 	EXP 	New trial (rep=0, index=0): OrderedDict([('target', '/stimuli/Featural_Set/f142.tif'), ('probe', '/stimuli/Featural_Set/f131.tif'), ('corrAns', 'd')])
15.7721 	ERROR 	Couldn't find image /stimuli/Featural_Set/f142.tif; check path? (tried: /stimuli/Featural_Set/f142.tif)
16.0477 	EXP 	window1: mouseVisible = True
16.0478 	DEBUG 	Saving data for configural_featural ExperimentHandler
16.0483 	INFO 	saved data to /Users/sophia/Documents/PycharmProjects/Local_VS_Global/data/m_configural_featural_2020_Sep_20_2039.psydat
16.0487 	INFO 	saved data to '/Users/sophia/Documents/PycharmProjects/Local_VS_Global/data/m_configural_featural_2020_Sep_20_2039.csv'
