2.9586 	WARNING 	psychopy.parallel has been imported on a Mac (which doesn't have a parallel port?)
6.6279 	WARNING 	User requested fullscreen with size [1024  768], but screen is actually [1792, 1120]. Using actual size
8.8819 	WARNING 	Couldn't measure a consistent frame rate.
  - Is your graphics card set to sync to vertical blank?
  - Are you running other processes on your computer?

8.8823 	EXP 	Created window1 = Window(allowGUI=False, allowStencil=False, args=UNKNOWN, autoLog=True, bitsMode=UNKNOWN, blendMode='avg', bpc=(8, 8, 8), color=array([0., 0., 0.]), colorSpace='rgb', depthBits=8, fullscr=<method-wrapper '__getattribute__' of attributeSetter object at 0x120672a20>, gamma=None, gammaErrorPolicy='raise', kwargs=UNKNOWN, lms=UNKNOWN, monitor=<psychopy.monitors.calibTools.Monitor object at 0x157597860>, multiSample=False, name='window1', numSamples=2, pos=[448.0, 280.0], screen=0, size=array([3584, 2240]), stencilBits=0, stereo=False, units='height', useFBO=True, useRetina=True, viewOri=0.0, viewPos=None, viewScale=None, waitBlanking=True, winType='pyglet')
8.8826 	EXP 	window1: mouseVisible = True
8.8826 	EXP 	window1: recordFrameIntervals = False
9.0485 	EXP 	window1: recordFrameIntervals = True
10.7176 	WARNING 	Couldn't measure a consistent frame rate.
  - Is your graphics card set to sync to vertical blank?
  - Are you running other processes on your computer?

11.2424 	EXP 	Created face_instructions = TextStim(__class__=<class 'psychopy.visual.text.TextStim'>, alignHoriz=method-wrapper(...), alignText='center', alignVert=method-wrapper(...), anchorHoriz='center', anchorVert='center', antialias=True, autoLog=True, bold=False, color='white', colorSpace='named', contrast=1.0, depth=0.0, flipHoriz=False, flipVert=False, font='Arial', fontFiles=[], height=0.1, italic=False, languageStyle='LTR', name='face_instructions', opacity=1.0, ori=0, pos=array([0., 0.]), rgb=array([255., 255., 255.]), text=str(...), units='height', win=Window(...), wrapWidth=1)
11.6490 	EXP 	Created target_image1 = ImageStim(__class__=<class 'psychopy.visual.image.ImageStim'>, autoLog=True, color=array([1., 1., 1.]), colorSpace='rgb', contrast=1.0, depth=0.0, flipHoriz=False, flipVert=False, image='sin', interpolate=True, mask=None, maskParams=None, name='target_image1', opacity=1.0, ori=0.0, pos=array([0., 0.]), size=array([2., 2.]), texRes=512, units='deg', win=Window(...))
11.6502 	EXP 	Created probe_image1 = ImageStim(__class__=<class 'psychopy.visual.image.ImageStim'>, autoLog=True, color=array([1., 1., 1.]), colorSpace='rgb', contrast=1.0, depth=-2.0, flipHoriz=False, flipVert=False, image='sin', interpolate=True, mask=None, maskParams=None, name='probe_image1', opacity=1.0, ori=0.0, pos=array([0., 0.]), size=array([2., 2.]), texRes=512, units='deg', win=Window(...))
12.0658 	EXP 	Created haus_instructions = TextStim(__class__=<class 'psychopy.visual.text.TextStim'>, alignHoriz=method-wrapper(...), alignText='center', alignVert=method-wrapper(...), anchorHoriz='center', anchorVert='center', antialias=True, autoLog=True, bold=False, color='white', colorSpace='named', contrast=1.0, depth=0.0, flipHoriz=False, flipVert=False, font='Arial', fontFiles=[], height=0.1, italic=False, languageStyle='LTR', name='haus_instructions', opacity=1.0, ori=0, pos=array([0., 0.]), rgb=array([255., 255., 255.]), text=str(...), units='height', win=Window(...), wrapWidth=1)
12.4697 	EXP 	Created target_image2 = ImageStim(__class__=<class 'psychopy.visual.image.ImageStim'>, autoLog=True, color=array([1., 1., 1.]), colorSpace='rgb', contrast=1.0, depth=0.0, flipHoriz=False, flipVert=False, image='sin', interpolate=True, mask=None, maskParams=None, name='target_image2', opacity=1.0, ori=0.0, pos=array([0., 0.]), size=array([2., 2.]), texRes=512, units='deg', win=Window(...))
12.4712 	EXP 	Created probe_image2 = ImageStim(__class__=<class 'psychopy.visual.image.ImageStim'>, autoLog=True, color=array([1., 1., 1.]), colorSpace='rgb', contrast=1.0, depth=-1.0, flipHoriz=False, flipVert=False, image='sin', interpolate=True, mask=None, maskParams=None, name='probe_image2', opacity=1.0, ori=0.0, pos=array([0., 0.]), size=array([2., 2.]), texRes=512, units='deg', win=Window(...))
12.8776 	EXP 	Created face_instructions = TextStim(__class__=<class 'psychopy.visual.text.TextStim'>, alignHoriz=method-wrapper(...), alignText='center', alignVert=method-wrapper(...), anchorHoriz='center', anchorVert='center', antialias=True, autoLog=True, bold=False, color='white', colorSpace='named', contrast=1.0, depth=0.0, flipHoriz=False, flipVert=False, font='Arial', fontFiles=[], height=0.1, italic=False, languageStyle='LTR', name='face_instructions', opacity=1.0, ori=0, pos=array([0., 0.]), rgb=array([255., 255., 255.]), text=str(...), units='height', win=Window(...), wrapWidth=1)
13.2792 	EXP 	Created target_image3 = ImageStim(__class__=<class 'psychopy.visual.image.ImageStim'>, autoLog=True, color=array([1., 1., 1.]), colorSpace='rgb', contrast=1.0, depth=0.0, flipHoriz=False, flipVert=False, image='sin', interpolate=True, mask=None, maskParams=None, name='target_image3', opacity=1.0, ori=0.0, pos=array([0., 0.]), size=array([2., 2.]), texRes=512, units='deg', win=Window(...))
13.2803 	EXP 	Created probe_image3 = ImageStim(__class__=<class 'psychopy.visual.image.ImageStim'>, autoLog=True, color=array([1., 1., 1.]), colorSpace='rgb', contrast=1.0, depth=-1.0, flipHoriz=False, flipVert=False, image='sin', interpolate=True, mask=None, maskParams=None, name='probe_image3', opacity=1.0, ori=0.0, pos=array([0., 0.]), size=array([2., 2.]), texRes=512, units='deg', win=Window(...))
13.6929 	EXP 	Created haus_instructions = TextStim(__class__=<class 'psychopy.visual.text.TextStim'>, alignHoriz=method-wrapper(...), alignText='center', alignVert=method-wrapper(...), anchorHoriz='center', anchorVert='center', antialias=True, autoLog=True, bold=False, color='white', colorSpace='named', contrast=1.0, depth=0.0, flipHoriz=False, flipVert=False, font='Arial', fontFiles=[], height=0.1, italic=False, languageStyle='LTR', name='haus_instructions', opacity=1.0, ori=0, pos=array([0., 0.]), rgb=array([255., 255., 255.]), text=str(...), units='height', win=Window(...), wrapWidth=1)
14.1033 	EXP 	Created target_image4 = ImageStim(__class__=<class 'psychopy.visual.image.ImageStim'>, autoLog=True, color=array([1., 1., 1.]), colorSpace='rgb', contrast=1.0, depth=0.0, flipHoriz=False, flipVert=False, image='sin', interpolate=True, mask=None, maskParams=None, name='target_image4', opacity=1.0, ori=0.0, pos=array([0., 0.]), size=array([2., 2.]), texRes=512, units='deg', win=Window(...))
14.1044 	EXP 	Created probe_image4 = ImageStim(__class__=<class 'psychopy.visual.image.ImageStim'>, autoLog=True, color=array([1., 1., 1.]), colorSpace='rgb', contrast=1.0, depth=-1.0, flipHoriz=False, flipVert=False, image='sin', interpolate=True, mask=None, maskParams=None, name='probe_image4', opacity=1.0, ori=0.0, pos=array([0., 0.]), size=array([2., 2.]), texRes=512, units='deg', win=Window(...))
14.5088 	EXP 	Created sequence: sequential, trialTypes=1, nReps=2, seed=None
14.5090 	EXP 	New trial (rep=0, index=0): None
14.5401 	WARNING 	t of last frame was 3822.67ms (=1/0)
14.5401 	EXP 	face_instructions: autoDraw = True
15.7112 	EXP 	Imported trials24.csv as conditions, 24 conditions, 1 params
15.7115 	EXP 	Created sequence: sequential, trialTypes=24, nReps=1, seed=None
15.7121 	EXP 	New trial (rep=0, index=0): OrderedDict([('trialNum', 0)])
15.7517 	DATA 	Keypress: space
15.7733 	WARNING 	t of last frame was 72.17ms (=1/13)
15.7733 	EXP 	face_instructions: autoDraw = False
15.7733 	EXP 	target_image1: image = '/Users/sophia/Documents/PycharmProjects/Local_VS_Global/stimuli/Featural_Set/f24.tif'
15.7733 	EXP 	probe_image1: image = '/Users/sophia/Documents/PycharmProjects/Local_VS_Global/stimuli/Featural_Set/f24.tif'
15.7733 	EXP 	target_image1: autoDraw = True
15.8162 	WARNING 	t of last frame was 34.48ms (=1/29)
15.8399 	WARNING 	t of last frame was 23.74ms (=1/42)
15.9502 	EXP 	window1: recordFrameIntervals = False
15.9653 	EXP 	window1: recordFrameIntervals = True
16.2736 	EXP 	target_image1: autoDraw = False
16.2816 	EXP 	probe_image1: autoDraw = True
16.4819 	EXP 	probe_image1: autoDraw = False
16.8348 	EXP 	New trial (rep=0, index=1): OrderedDict([('trialNum', 1)])
16.8453 	DATA 	Keypress: s
16.8665 	WARNING 	Multiple dropped frames have occurred - I'll stop bothering you about them!
16.8665 	EXP 	target_image1: autoDraw = False
16.8665 	EXP 	probe_image1: autoDraw = False
16.8665 	EXP 	target_image1: image = '/Users/sophia/Documents/PycharmProjects/Local_VS_Global/stimuli/Featural_Set/f131.tif'
16.8665 	EXP 	probe_image1: image = '/Users/sophia/Documents/PycharmProjects/Local_VS_Global/stimuli/Featural_Set/f24.tif'
16.8665 	EXP 	target_image1: autoDraw = True
17.0483 	EXP 	window1: recordFrameIntervals = False
17.0662 	EXP 	window1: recordFrameIntervals = True
17.3735 	EXP 	target_image1: autoDraw = False
17.3947 	EXP 	probe_image1: autoDraw = True
17.5983 	EXP 	probe_image1: autoDraw = False
18.0334 	EXP 	New trial (rep=0, index=2): OrderedDict([('trialNum', 2)])
18.0440 	DATA 	Keypress: d
18.0487 	EXP 	target_image1: autoDraw = False
18.0487 	EXP 	probe_image1: autoDraw = False
18.0487 	EXP 	target_image1: image = '/Users/sophia/Documents/PycharmProjects/Local_VS_Global/stimuli/Featural_Set/f15.tif'
18.0487 	EXP 	probe_image1: image = '/Users/sophia/Documents/PycharmProjects/Local_VS_Global/stimuli/Featural_Set/f24.tif'
18.0487 	EXP 	target_image1: autoDraw = True
18.2503 	EXP 	target_image1: autoDraw = False
18.2504 	EXP 	window1: recordFrameIntervals = False
18.2654 	EXP 	window1: recordFrameIntervals = True
18.5815 	EXP 	probe_image1: autoDraw = True
18.7836 	EXP 	probe_image1: autoDraw = False
19.1190 	EXP 	New trial (rep=0, index=3): OrderedDict([('trialNum', 3)])
19.1310 	DATA 	Keypress: d
19.1499 	EXP 	target_image1: autoDraw = False
19.1499 	EXP 	probe_image1: autoDraw = False
19.1499 	EXP 	target_image1: image = '/Users/sophia/Documents/PycharmProjects/Local_VS_Global/stimuli/Featural_Set/f131.tif'
19.1499 	EXP 	probe_image1: image = '/Users/sophia/Documents/PycharmProjects/Local_VS_Global/stimuli/Featural_Set/f131.tif'
19.1499 	EXP 	target_image1: autoDraw = True
19.3340 	EXP 	window1: recordFrameIntervals = False
19.3483 	EXP 	target_image1: autoDraw = False
19.3484 	EXP 	window1: recordFrameIntervals = True
19.6647 	EXP 	probe_image1: autoDraw = True
19.8668 	EXP 	probe_image1: autoDraw = False
20.2179 	EXP 	New trial (rep=0, index=4): OrderedDict([('trialNum', 4)])
20.2299 	DATA 	Keypress: s
20.2504 	EXP 	target_image1: autoDraw = False
20.2504 	EXP 	probe_image1: autoDraw = False
20.2504 	EXP 	target_image1: image = '/Users/sophia/Documents/PycharmProjects/Local_VS_Global/stimuli/Featural_Set/f142.tif'
20.2504 	EXP 	probe_image1: image = '/Users/sophia/Documents/PycharmProjects/Local_VS_Global/stimuli/Featural_Set/f142.tif'
20.2504 	EXP 	target_image1: autoDraw = True
20.4318 	EXP 	window1: recordFrameIntervals = False
20.4503 	EXP 	window1: recordFrameIntervals = True
20.7571 	EXP 	target_image1: autoDraw = False
20.7787 	EXP 	probe_image1: autoDraw = True
20.9820 	EXP 	probe_image1: autoDraw = False
21.4359 	EXP 	New trial (rep=0, index=5): OrderedDict([('trialNum', 5)])
21.4441 	DATA 	Keypress: s
21.4481 	EXP 	target_image1: autoDraw = False
21.4481 	EXP 	probe_image1: autoDraw = False
21.4481 	EXP 	target_image1: image = '/Users/sophia/Documents/PycharmProjects/Local_VS_Global/stimuli/Featural_Set/f142.tif'
21.4481 	EXP 	probe_image1: image = '/Users/sophia/Documents/PycharmProjects/Local_VS_Global/stimuli/Featural_Set/f24.tif'
21.4481 	EXP 	target_image1: autoDraw = True
21.6337 	EXP 	window1: recordFrameIntervals = False
21.6483 	EXP 	target_image1: autoDraw = False
21.6484 	EXP 	window1: recordFrameIntervals = True
21.9649 	EXP 	probe_image1: autoDraw = True
22.1670 	EXP 	probe_image1: autoDraw = False
22.6191 	EXP 	New trial (rep=0, index=6): OrderedDict([('trialNum', 6)])
22.6272 	DATA 	Keypress: d
22.6317 	EXP 	target_image1: autoDraw = False
22.6317 	EXP 	probe_image1: autoDraw = False
22.6317 	EXP 	target_image1: image = '/Users/sophia/Documents/PycharmProjects/Local_VS_Global/stimuli/Featural_Set/f24.tif'
22.6317 	EXP 	probe_image1: image = '/Users/sophia/Documents/PycharmProjects/Local_VS_Global/stimuli/Featural_Set/f131.tif'
22.6317 	EXP 	target_image1: autoDraw = True
22.8170 	EXP 	window1: recordFrameIntervals = False
22.8320 	EXP 	target_image1: autoDraw = False
22.8322 	EXP 	window1: recordFrameIntervals = True
23.1482 	EXP 	probe_image1: autoDraw = True
23.3503 	EXP 	probe_image1: autoDraw = False
23.8682 	EXP 	New trial (rep=0, index=7): OrderedDict([('trialNum', 7)])
23.8755 	DATA 	Keypress: d
23.8815 	EXP 	target_image1: autoDraw = False
23.8815 	EXP 	probe_image1: autoDraw = False
23.8815 	EXP 	target_image1: image = '/Users/sophia/Documents/PycharmProjects/Local_VS_Global/stimuli/Featural_Set/f24.tif'
23.8815 	EXP 	probe_image1: image = '/Users/sophia/Documents/PycharmProjects/Local_VS_Global/stimuli/Featural_Set/f142.tif'
23.8815 	EXP 	target_image1: autoDraw = True
24.0672 	EXP 	window1: recordFrameIntervals = False
24.0817 	EXP 	target_image1: autoDraw = False
24.0818 	EXP 	window1: recordFrameIntervals = True
24.3981 	EXP 	probe_image1: autoDraw = True
24.5989 	EXP 	probe_image1: autoDraw = False
25.1346 	EXP 	New trial (rep=0, index=8): OrderedDict([('trialNum', 8)])
25.1430 	DATA 	Keypress: s
25.1478 	EXP 	target_image1: autoDraw = False
25.1478 	EXP 	probe_image1: autoDraw = False
25.1478 	EXP 	target_image1: image = '/Users/sophia/Documents/PycharmProjects/Local_VS_Global/stimuli/Featural_Set/f15.tif'
25.1478 	EXP 	probe_image1: image = '/Users/sophia/Documents/PycharmProjects/Local_VS_Global/stimuli/Featural_Set/f15.tif'
25.1478 	EXP 	target_image1: autoDraw = True
25.3324 	EXP 	window1: recordFrameIntervals = False
25.3503 	EXP 	target_image1: autoDraw = False
25.3505 	EXP 	window1: recordFrameIntervals = True
25.6779 	EXP 	probe_image1: autoDraw = True
25.8836 	EXP 	probe_image1: autoDraw = False
26.3168 	EXP 	New trial (rep=0, index=9): OrderedDict([('trialNum', 9)])
26.3247 	DATA 	Keypress: s
26.3316 	EXP 	target_image1: autoDraw = False
26.3316 	EXP 	probe_image1: autoDraw = False
26.3316 	EXP 	target_image1: image = '/Users/sophia/Documents/PycharmProjects/Local_VS_Global/stimuli/Featural_Set/f142.tif'
26.3316 	EXP 	probe_image1: image = '/Users/sophia/Documents/PycharmProjects/Local_VS_Global/stimuli/Featural_Set/f142.tif'
26.3316 	EXP 	target_image1: autoDraw = True
26.5174 	EXP 	window1: recordFrameIntervals = False
26.5318 	EXP 	target_image1: autoDraw = False
26.5319 	EXP 	window1: recordFrameIntervals = True
26.8483 	EXP 	probe_image1: autoDraw = True
27.0488 	EXP 	probe_image1: autoDraw = False
27.8507 	EXP 	New trial (rep=0, index=10): OrderedDict([('trialNum', 10)])
27.8581 	DATA 	Keypress: d
27.8648 	EXP 	target_image1: autoDraw = False
27.8648 	EXP 	probe_image1: autoDraw = False
27.8648 	EXP 	target_image1: image = '/Users/sophia/Documents/PycharmProjects/Local_VS_Global/stimuli/Featural_Set/f15.tif'
27.8648 	EXP 	probe_image1: image = '/Users/sophia/Documents/PycharmProjects/Local_VS_Global/stimuli/Featural_Set/f142.tif'
27.8648 	EXP 	target_image1: autoDraw = True
28.0501 	EXP 	window1: recordFrameIntervals = False
28.0651 	EXP 	target_image1: autoDraw = False
28.0652 	EXP 	window1: recordFrameIntervals = True
28.3816 	EXP 	probe_image1: autoDraw = True
28.5833 	EXP 	probe_image1: autoDraw = False
29.0173 	EXP 	New trial (rep=0, index=11): OrderedDict([('trialNum', 11)])
29.0257 	DATA 	Keypress: d
29.0316 	EXP 	target_image1: autoDraw = False
29.0316 	EXP 	probe_image1: autoDraw = False
29.0316 	EXP 	target_image1: image = '/Users/sophia/Documents/PycharmProjects/Local_VS_Global/stimuli/Featural_Set/f24.tif'
29.0316 	EXP 	probe_image1: image = '/Users/sophia/Documents/PycharmProjects/Local_VS_Global/stimuli/Featural_Set/f24.tif'
29.0316 	EXP 	target_image1: autoDraw = True
29.2170 	EXP 	window1: recordFrameIntervals = False
29.2322 	EXP 	target_image1: autoDraw = False
29.2323 	EXP 	window1: recordFrameIntervals = True
29.5482 	EXP 	probe_image1: autoDraw = True
29.7511 	EXP 	probe_image1: autoDraw = False
30.4016 	EXP 	New trial (rep=0, index=12): OrderedDict([('trialNum', 12)])
30.4105 	DATA 	Keypress: d
30.4149 	EXP 	target_image1: autoDraw = False
30.4149 	EXP 	probe_image1: autoDraw = False
30.4149 	EXP 	target_image1: image = '/Users/sophia/Documents/PycharmProjects/Local_VS_Global/stimuli/Featural_Set/f131.tif'
30.4149 	EXP 	probe_image1: image = '/Users/sophia/Documents/PycharmProjects/Local_VS_Global/stimuli/Featural_Set/f131.tif'
30.4149 	EXP 	target_image1: autoDraw = True
30.6173 	EXP 	target_image1: autoDraw = False
30.6175 	EXP 	window1: recordFrameIntervals = False
30.6321 	EXP 	window1: recordFrameIntervals = True
30.9485 	EXP 	probe_image1: autoDraw = True
31.1487 	EXP 	probe_image1: autoDraw = False
32.5338 	EXP 	New trial (rep=0, index=13): OrderedDict([('trialNum', 13)])
32.5407 	DATA 	Keypress: s
32.5487 	EXP 	target_image1: autoDraw = False
32.5487 	EXP 	probe_image1: autoDraw = False
32.5487 	EXP 	target_image1: image = '/Users/sophia/Documents/PycharmProjects/Local_VS_Global/stimuli/Featural_Set/f142.tif'
32.5487 	EXP 	probe_image1: image = '/Users/sophia/Documents/PycharmProjects/Local_VS_Global/stimuli/Featural_Set/f15.tif'
32.5487 	EXP 	target_image1: autoDraw = True
32.7340 	EXP 	window1: recordFrameIntervals = False
32.7490 	EXP 	target_image1: autoDraw = False
32.7491 	EXP 	window1: recordFrameIntervals = True
33.0648 	EXP 	probe_image1: autoDraw = True
33.2654 	EXP 	probe_image1: autoDraw = False
33.8175 	EXP 	New trial (rep=0, index=14): OrderedDict([('trialNum', 14)])
33.8258 	DATA 	Keypress: d
33.8317 	EXP 	target_image1: autoDraw = False
33.8317 	EXP 	probe_image1: autoDraw = False
33.8317 	EXP 	target_image1: image = '/Users/sophia/Documents/PycharmProjects/Local_VS_Global/stimuli/Featural_Set/f142.tif'
33.8317 	EXP 	probe_image1: image = '/Users/sophia/Documents/PycharmProjects/Local_VS_Global/stimuli/Featural_Set/f131.tif'
33.8317 	EXP 	target_image1: autoDraw = True
34.0158 	EXP 	window1: recordFrameIntervals = False
34.0340 	EXP 	target_image1: autoDraw = False
34.0342 	EXP 	window1: recordFrameIntervals = True
34.3617 	EXP 	probe_image1: autoDraw = True
34.5654 	EXP 	probe_image1: autoDraw = False
35.0507 	EXP 	New trial (rep=0, index=15): OrderedDict([('trialNum', 15)])
35.0588 	DATA 	Keypress: d
35.0653 	EXP 	target_image1: autoDraw = False
35.0653 	EXP 	probe_image1: autoDraw = False
35.0653 	EXP 	target_image1: image = '/Users/sophia/Documents/PycharmProjects/Local_VS_Global/stimuli/Featural_Set/f15.tif'
35.0653 	EXP 	probe_image1: image = '/Users/sophia/Documents/PycharmProjects/Local_VS_Global/stimuli/Featural_Set/f131.tif'
35.0653 	EXP 	target_image1: autoDraw = True
35.2508 	EXP 	window1: recordFrameIntervals = False
35.2654 	EXP 	target_image1: autoDraw = False
35.2655 	EXP 	window1: recordFrameIntervals = True
35.5816 	EXP 	probe_image1: autoDraw = True
35.7820 	EXP 	probe_image1: autoDraw = False
36.2012 	EXP 	New trial (rep=0, index=16): OrderedDict([('trialNum', 16)])
36.2075 	DATA 	Keypress: d
36.2150 	EXP 	target_image1: autoDraw = False
36.2150 	EXP 	probe_image1: autoDraw = False
36.2150 	EXP 	target_image1: image = '/Users/sophia/Documents/PycharmProjects/Local_VS_Global/stimuli/Featural_Set/f15.tif'
36.2150 	EXP 	probe_image1: image = '/Users/sophia/Documents/PycharmProjects/Local_VS_Global/stimuli/Featural_Set/f15.tif'
36.2150 	EXP 	target_image1: autoDraw = True
36.4007 	EXP 	window1: recordFrameIntervals = False
36.4151 	EXP 	target_image1: autoDraw = False
36.4152 	EXP 	window1: recordFrameIntervals = True
36.7311 	EXP 	probe_image1: autoDraw = True
36.9320 	EXP 	probe_image1: autoDraw = False
37.3162 	EXP 	New trial (rep=0, index=17): OrderedDict([('trialNum', 17)])
37.3233 	DATA 	Keypress: s
37.3319 	EXP 	target_image1: autoDraw = False
37.3319 	EXP 	probe_image1: autoDraw = False
37.3319 	EXP 	target_image1: image = '/Users/sophia/Documents/PycharmProjects/Local_VS_Global/stimuli/Featural_Set/f131.tif'
37.3319 	EXP 	probe_image1: image = '/Users/sophia/Documents/PycharmProjects/Local_VS_Global/stimuli/Featural_Set/f131.tif'
37.3319 	EXP 	target_image1: autoDraw = True
37.5155 	EXP 	window1: recordFrameIntervals = False
37.5338 	EXP 	target_image1: autoDraw = False
37.5339 	EXP 	window1: recordFrameIntervals = True
37.8624 	EXP 	probe_image1: autoDraw = True
38.0672 	EXP 	probe_image1: autoDraw = False
38.6331 	EXP 	New trial (rep=0, index=18): OrderedDict([('trialNum', 18)])
38.6404 	DATA 	Keypress: s
38.6482 	EXP 	target_image1: autoDraw = False
38.6482 	EXP 	probe_image1: autoDraw = False
38.6482 	EXP 	target_image1: image = '/Users/sophia/Documents/PycharmProjects/Local_VS_Global/stimuli/Featural_Set/f24.tif'
38.6482 	EXP 	probe_image1: image = '/Users/sophia/Documents/PycharmProjects/Local_VS_Global/stimuli/Featural_Set/f15.tif'
38.6482 	EXP 	target_image1: autoDraw = True
38.8319 	EXP 	window1: recordFrameIntervals = False
38.8504 	EXP 	target_image1: autoDraw = False
38.8506 	EXP 	window1: recordFrameIntervals = True
39.1783 	EXP 	probe_image1: autoDraw = True
39.3821 	EXP 	probe_image1: autoDraw = False
39.9184 	EXP 	New trial (rep=0, index=19): OrderedDict([('trialNum', 19)])
39.9259 	DATA 	Keypress: d
39.9312 	EXP 	target_image1: autoDraw = False
39.9312 	EXP 	probe_image1: autoDraw = False
39.9312 	EXP 	target_image1: image = '/Users/sophia/Documents/PycharmProjects/Local_VS_Global/stimuli/Featural_Set/f131.tif'
39.9312 	EXP 	probe_image1: image = '/Users/sophia/Documents/PycharmProjects/Local_VS_Global/stimuli/Featural_Set/f142.tif'
39.9312 	EXP 	target_image1: autoDraw = True
40.1155 	EXP 	window1: recordFrameIntervals = False
40.1334 	EXP 	target_image1: autoDraw = False
40.1335 	EXP 	window1: recordFrameIntervals = True
40.4615 	EXP 	probe_image1: autoDraw = True
40.6654 	EXP 	probe_image1: autoDraw = False
41.0333 	EXP 	New trial (rep=0, index=20): OrderedDict([('trialNum', 20)])
41.0405 	DATA 	Keypress: d
41.0487 	EXP 	target_image1: autoDraw = False
41.0487 	EXP 	probe_image1: autoDraw = False
41.0487 	EXP 	target_image1: image = '/Users/sophia/Documents/PycharmProjects/Local_VS_Global/stimuli/Featural_Set/f142.tif'
41.0487 	EXP 	probe_image1: image = '/Users/sophia/Documents/PycharmProjects/Local_VS_Global/stimuli/Featural_Set/f142.tif'
41.0487 	EXP 	target_image1: autoDraw = True
41.2336 	EXP 	window1: recordFrameIntervals = False
41.2485 	EXP 	target_image1: autoDraw = False
41.2487 	EXP 	window1: recordFrameIntervals = True
41.5786 	EXP 	probe_image1: autoDraw = True
41.7836 	EXP 	probe_image1: autoDraw = False
42.2688 	EXP 	New trial (rep=0, index=21): OrderedDict([('trialNum', 21)])
42.2771 	DATA 	Keypress: s
42.2817 	EXP 	target_image1: autoDraw = False
42.2817 	EXP 	probe_image1: autoDraw = False
42.2817 	EXP 	target_image1: image = '/Users/sophia/Documents/PycharmProjects/Local_VS_Global/stimuli/Featural_Set/f24.tif'
42.2817 	EXP 	probe_image1: image = '/Users/sophia/Documents/PycharmProjects/Local_VS_Global/stimuli/Featural_Set/f24.tif'
42.2817 	EXP 	target_image1: autoDraw = True
42.4670 	EXP 	window1: recordFrameIntervals = False
42.4821 	EXP 	target_image1: autoDraw = False
42.4822 	EXP 	window1: recordFrameIntervals = True
42.7984 	EXP 	probe_image1: autoDraw = True
42.9988 	EXP 	probe_image1: autoDraw = False
44.0361 	EXP 	New trial (rep=0, index=22): OrderedDict([('trialNum', 22)])
44.0445 	DATA 	Keypress: d
44.0491 	EXP 	target_image1: autoDraw = False
44.0491 	EXP 	probe_image1: autoDraw = False
44.0491 	EXP 	target_image1: image = '/Users/sophia/Documents/PycharmProjects/Local_VS_Global/stimuli/Featural_Set/f131.tif'
44.0491 	EXP 	probe_image1: image = '/Users/sophia/Documents/PycharmProjects/Local_VS_Global/stimuli/Featural_Set/f15.tif'
44.0491 	EXP 	target_image1: autoDraw = True
44.2341 	EXP 	window1: recordFrameIntervals = False
44.2485 	EXP 	target_image1: autoDraw = False
44.2486 	EXP 	window1: recordFrameIntervals = True
44.5651 	EXP 	probe_image1: autoDraw = True
44.7670 	EXP 	probe_image1: autoDraw = False
45.4845 	EXP 	New trial (rep=0, index=23): OrderedDict([('trialNum', 23)])
45.4916 	DATA 	Keypress: d
45.4986 	EXP 	target_image1: autoDraw = False
45.4986 	EXP 	probe_image1: autoDraw = False
45.4986 	EXP 	target_image1: image = '/Users/sophia/Documents/PycharmProjects/Local_VS_Global/stimuli/Featural_Set/f15.tif'
45.4986 	EXP 	probe_image1: image = '/Users/sophia/Documents/PycharmProjects/Local_VS_Global/stimuli/Featural_Set/f15.tif'
45.4986 	EXP 	target_image1: autoDraw = True
45.6823 	EXP 	window1: recordFrameIntervals = False
45.7006 	EXP 	target_image1: autoDraw = False
45.7008 	EXP 	window1: recordFrameIntervals = True
46.0283 	EXP 	probe_image1: autoDraw = True
46.2322 	EXP 	probe_image1: autoDraw = False
46.8860 	DATA 	Keypress: s
46.8987 	EXP 	target_image1: autoDraw = False
46.8987 	EXP 	probe_image1: autoDraw = False
46.8987 	EXP 	haus_instructions: autoDraw = True
48.1364 	EXP 	Imported trials24.csv as conditions, 24 conditions, 1 params
48.1367 	EXP 	Created sequence: sequential, trialTypes=24, nReps=1, seed=None
48.1372 	EXP 	New trial (rep=0, index=0): OrderedDict([('trialNum', 0)])
48.1677 	DATA 	Keypress: space
48.1898 	EXP 	haus_instructions: autoDraw = False
48.1898 	EXP 	target_image2: image = '/Users/sophia/Documents/PycharmProjects/Local_VS_Global/stimuli/Spacing_Set/H-8sim2.bmp'
48.1898 	EXP 	probe_image2: image = '/Users/sophia/Documents/PycharmProjects/Local_VS_Global/stimuli/Spacing_Set/H-8sim3.bmp'
48.1898 	EXP 	target_image2: autoDraw = True
48.3655 	EXP 	window1: recordFrameIntervals = False
48.3839 	EXP 	window1: recordFrameIntervals = True
48.6905 	EXP 	target_image2: autoDraw = False
48.7124 	EXP 	probe_image2: autoDraw = True
48.9153 	EXP 	probe_image2: autoDraw = False
49.7860 	EXP 	New trial (rep=0, index=1): OrderedDict([('trialNum', 1)])
49.7902 	DATA 	Keypress: s
49.7986 	EXP 	target_image2: autoDraw = False
49.7986 	EXP 	probe_image2: autoDraw = False
49.7986 	EXP 	target_image2: image = '/Users/sophia/Documents/PycharmProjects/Local_VS_Global/stimuli/Spacing_Set/H-8sim2.bmp'
49.7986 	EXP 	probe_image2: image = '/Users/sophia/Documents/PycharmProjects/Local_VS_Global/stimuli/Spacing_Set/H-8sim2.bmp'
49.7986 	EXP 	target_image2: autoDraw = True
49.9819 	EXP 	window1: recordFrameIntervals = False
50.0003 	EXP 	target_image2: autoDraw = False
50.0004 	EXP 	window1: recordFrameIntervals = True
50.3284 	EXP 	probe_image2: autoDraw = True
50.5319 	EXP 	probe_image2: autoDraw = False
50.9187 	EXP 	New trial (rep=0, index=2): OrderedDict([('trialNum', 2)])
50.9272 	DATA 	Keypress: s
50.9319 	EXP 	target_image2: autoDraw = False
50.9319 	EXP 	probe_image2: autoDraw = False
50.9319 	EXP 	target_image2: image = '/Users/sophia/Documents/PycharmProjects/Local_VS_Global/stimuli/Spacing_Set/H-8sim3.bmp'
50.9319 	EXP 	probe_image2: image = '/Users/sophia/Documents/PycharmProjects/Local_VS_Global/stimuli/Spacing_Set/H-8sim2.bmp'
50.9319 	EXP 	target_image2: autoDraw = True
51.1176 	EXP 	window1: recordFrameIntervals = False
51.1323 	EXP 	target_image2: autoDraw = False
51.1325 	EXP 	window1: recordFrameIntervals = True
51.4480 	EXP 	probe_image2: autoDraw = True
51.6507 	EXP 	probe_image2: autoDraw = False
51.8336 	EXP 	New trial (rep=0, index=3): OrderedDict([('trialNum', 3)])
51.8510 	DATA 	Keypress: s
51.8657 	EXP 	target_image2: autoDraw = False
51.8657 	EXP 	probe_image2: autoDraw = False
51.8657 	EXP 	target_image2: image = '/Users/sophia/Documents/PycharmProjects/Local_VS_Global/stimuli/Spacing_Set/H-8sim1.bmp'
51.8657 	EXP 	probe_image2: image = '/Users/sophia/Documents/PycharmProjects/Local_VS_Global/stimuli/Spacing_Set/H-8sim1.bmp'
51.8657 	EXP 	target_image2: autoDraw = True
52.0490 	EXP 	window1: recordFrameIntervals = False
52.0674 	EXP 	target_image2: autoDraw = False
52.0675 	EXP 	window1: recordFrameIntervals = True
52.3951 	EXP 	probe_image2: autoDraw = True
52.5990 	EXP 	probe_image2: autoDraw = False
52.7194 	EXP 	New trial (rep=0, index=4): OrderedDict([('trialNum', 4)])
52.7375 	DATA 	Keypress: s
52.7487 	EXP 	target_image2: autoDraw = False
52.7487 	EXP 	probe_image2: autoDraw = False
52.7487 	EXP 	target_image2: image = '/Users/sophia/Documents/PycharmProjects/Local_VS_Global/stimuli/Spacing_Set/H-8sim0.bmp'
52.7487 	EXP 	probe_image2: image = '/Users/sophia/Documents/PycharmProjects/Local_VS_Global/stimuli/Spacing_Set/H-8sim0.bmp'
52.7487 	EXP 	target_image2: autoDraw = True
52.9326 	EXP 	window1: recordFrameIntervals = False
52.9509 	EXP 	target_image2: autoDraw = False
52.9510 	EXP 	window1: recordFrameIntervals = True
53.2791 	EXP 	probe_image2: autoDraw = True
53.4824 	EXP 	probe_image2: autoDraw = False
53.8355 	EXP 	New trial (rep=0, index=5): OrderedDict([('trialNum', 5)])
53.8458 	DATA 	Keypress: s
53.8674 	EXP 	target_image2: autoDraw = False
53.8674 	EXP 	probe_image2: autoDraw = False
53.8674 	EXP 	target_image2: image = '/Users/sophia/Documents/PycharmProjects/Local_VS_Global/stimuli/Spacing_Set/H-8sim3.bmp'
53.8674 	EXP 	probe_image2: image = '/Users/sophia/Documents/PycharmProjects/Local_VS_Global/stimuli/Spacing_Set/H-8sim1.bmp'
53.8674 	EXP 	target_image2: autoDraw = True
54.0514 	EXP 	window1: recordFrameIntervals = False
54.0657 	EXP 	target_image2: autoDraw = False
54.0658 	EXP 	window1: recordFrameIntervals = True
54.3817 	EXP 	probe_image2: autoDraw = True
54.5824 	EXP 	probe_image2: autoDraw = False
54.6500 	EXP 	New trial (rep=0, index=6): OrderedDict([('trialNum', 6)])
54.6591 	DATA 	Keypress: d
54.6656 	EXP 	target_image2: autoDraw = False
54.6656 	EXP 	probe_image2: autoDraw = False
54.6656 	EXP 	target_image2: image = '/Users/sophia/Documents/PycharmProjects/Local_VS_Global/stimuli/Spacing_Set/H-8sim3.bmp'
54.6656 	EXP 	probe_image2: image = '/Users/sophia/Documents/PycharmProjects/Local_VS_Global/stimuli/Spacing_Set/H-8sim0.bmp'
54.6656 	EXP 	target_image2: autoDraw = True
54.8492 	EXP 	window1: recordFrameIntervals = False
54.8669 	EXP 	target_image2: autoDraw = False
54.8670 	EXP 	window1: recordFrameIntervals = True
55.1949 	EXP 	probe_image2: autoDraw = True
55.3987 	EXP 	probe_image2: autoDraw = False
55.5003 	EXP 	New trial (rep=0, index=7): OrderedDict([('trialNum', 7)])
55.5102 	DATA 	Keypress: d
55.5152 	EXP 	target_image2: autoDraw = False
55.5152 	EXP 	probe_image2: autoDraw = False
55.5152 	EXP 	target_image2: image = '/Users/sophia/Documents/PycharmProjects/Local_VS_Global/stimuli/Spacing_Set/H-8sim0.bmp'
55.5152 	EXP 	probe_image2: image = '/Users/sophia/Documents/PycharmProjects/Local_VS_Global/stimuli/Spacing_Set/H-8sim3.bmp'
55.5152 	EXP 	target_image2: autoDraw = True
55.7171 	EXP 	target_image2: autoDraw = False
55.7172 	EXP 	window1: recordFrameIntervals = False
55.7325 	EXP 	window1: recordFrameIntervals = True
56.0487 	EXP 	probe_image2: autoDraw = True
56.2340 	EXP 	New trial (rep=0, index=8): OrderedDict([('trialNum', 8)])
56.2439 	DATA 	Keypress: d
56.2483 	EXP 	probe_image2: autoDraw = False
56.2483 	EXP 	target_image2: autoDraw = False
56.2483 	EXP 	probe_image2: autoDraw = False
56.2483 	EXP 	target_image2: image = '/Users/sophia/Documents/PycharmProjects/Local_VS_Global/stimuli/Spacing_Set/H-8sim3.bmp'
56.2483 	EXP 	probe_image2: image = '/Users/sophia/Documents/PycharmProjects/Local_VS_Global/stimuli/Spacing_Set/H-8sim3.bmp'
56.2483 	EXP 	target_image2: autoDraw = True
56.4351 	EXP 	window1: recordFrameIntervals = False
56.4490 	EXP 	target_image2: autoDraw = False
56.4491 	EXP 	window1: recordFrameIntervals = True
56.7653 	EXP 	probe_image2: autoDraw = True
56.9656 	EXP 	probe_image2: autoDraw = False
57.0330 	EXP 	New trial (rep=0, index=9): OrderedDict([('trialNum', 9)])
57.0370 	DATA 	Keypress: s
57.0489 	EXP 	target_image2: autoDraw = False
57.0489 	EXP 	probe_image2: autoDraw = False
57.0489 	EXP 	target_image2: image = '/Users/sophia/Documents/PycharmProjects/Local_VS_Global/stimuli/Spacing_Set/H-8sim2.bmp'
57.0489 	EXP 	probe_image2: image = '/Users/sophia/Documents/PycharmProjects/Local_VS_Global/stimuli/Spacing_Set/H-8sim0.bmp'
57.0489 	EXP 	target_image2: autoDraw = True
57.2321 	EXP 	window1: recordFrameIntervals = False
57.2506 	EXP 	target_image2: autoDraw = False
57.2507 	EXP 	window1: recordFrameIntervals = True
57.5785 	EXP 	probe_image2: autoDraw = True
57.7839 	EXP 	probe_image2: autoDraw = False
58.1350 	EXP 	New trial (rep=0, index=10): OrderedDict([('trialNum', 10)])
58.1432 	DATA 	Keypress: d
58.1485 	EXP 	target_image2: autoDraw = False
58.1485 	EXP 	probe_image2: autoDraw = False
58.1485 	EXP 	target_image2: image = '/Users/sophia/Documents/PycharmProjects/Local_VS_Global/stimuli/Spacing_Set/H-8sim0.bmp'
58.1485 	EXP 	probe_image2: image = '/Users/sophia/Documents/PycharmProjects/Local_VS_Global/stimuli/Spacing_Set/H-8sim0.bmp'
58.1485 	EXP 	target_image2: autoDraw = True
58.3325 	EXP 	window1: recordFrameIntervals = False
58.3508 	EXP 	target_image2: autoDraw = False
58.3510 	EXP 	window1: recordFrameIntervals = True
58.6775 	EXP 	probe_image2: autoDraw = True
58.8334 	DATA 	Keypress: s
58.8842 	EXP 	probe_image2: autoDraw = False
60.8862 	EXP 	New trial (rep=0, index=11): OrderedDict([('trialNum', 11)])
60.8966 	DATA 	Keypress: d
60.9172 	EXP 	target_image2: autoDraw = False
60.9172 	EXP 	probe_image2: autoDraw = False
60.9172 	EXP 	target_image2: image = '/Users/sophia/Documents/PycharmProjects/Local_VS_Global/stimuli/Spacing_Set/H-8sim2.bmp'
60.9172 	EXP 	probe_image2: image = '/Users/sophia/Documents/PycharmProjects/Local_VS_Global/stimuli/Spacing_Set/H-8sim2.bmp'
60.9172 	EXP 	target_image2: autoDraw = True
61.0989 	EXP 	window1: recordFrameIntervals = False
61.1176 	EXP 	window1: recordFrameIntervals = True
61.4242 	EXP 	target_image2: autoDraw = False
61.4456 	EXP 	probe_image2: autoDraw = True
61.6485 	EXP 	probe_image2: autoDraw = False
62.2498 	EXP 	New trial (rep=0, index=12): OrderedDict([('trialNum', 12)])
62.2582 	DATA 	Keypress: s
62.2653 	EXP 	target_image2: autoDraw = False
62.2653 	EXP 	probe_image2: autoDraw = False
62.2653 	EXP 	target_image2: image = '/Users/sophia/Documents/PycharmProjects/Local_VS_Global/stimuli/Spacing_Set/H-8sim1.bmp'
62.2653 	EXP 	probe_image2: image = '/Users/sophia/Documents/PycharmProjects/Local_VS_Global/stimuli/Spacing_Set/H-8sim1.bmp'
62.2653 	EXP 	target_image2: autoDraw = True
62.3344 	DATA 	Keypress: s
62.4494 	EXP 	window1: recordFrameIntervals = False
62.4677 	EXP 	target_image2: autoDraw = False
62.4679 	EXP 	window1: recordFrameIntervals = True
62.7946 	EXP 	probe_image2: autoDraw = True
62.9992 	EXP 	probe_image2: autoDraw = False
63.4196 	EXP 	New trial (rep=0, index=13): OrderedDict([('trialNum', 13)])
63.4287 	DATA 	Keypress: s
63.4508 	EXP 	target_image2: autoDraw = False
63.4508 	EXP 	probe_image2: autoDraw = False
63.4508 	EXP 	target_image2: image = '/Users/sophia/Documents/PycharmProjects/Local_VS_Global/stimuli/Spacing_Set/H-8sim0.bmp'
63.4508 	EXP 	probe_image2: image = '/Users/sophia/Documents/PycharmProjects/Local_VS_Global/stimuli/Spacing_Set/H-8sim2.bmp'
63.4508 	EXP 	target_image2: autoDraw = True
63.6175 	EXP 	window1: recordFrameIntervals = False
63.6321 	EXP 	window1: recordFrameIntervals = True
63.9486 	EXP 	target_image2: autoDraw = False
63.9486 	EXP 	probe_image2: autoDraw = True
64.1506 	EXP 	probe_image2: autoDraw = False
64.6029 	EXP 	New trial (rep=0, index=14): OrderedDict([('trialNum', 14)])
64.6124 	DATA 	Keypress: d
64.6338 	EXP 	target_image2: autoDraw = False
64.6338 	EXP 	probe_image2: autoDraw = False
64.6338 	EXP 	target_image2: image = '/Users/sophia/Documents/PycharmProjects/Local_VS_Global/stimuli/Spacing_Set/H-8sim1.bmp'
64.6338 	EXP 	probe_image2: image = '/Users/sophia/Documents/PycharmProjects/Local_VS_Global/stimuli/Spacing_Set/H-8sim3.bmp'
64.6338 	EXP 	target_image2: autoDraw = True
64.8161 	EXP 	window1: recordFrameIntervals = False
64.8346 	EXP 	window1: recordFrameIntervals = True
65.1406 	EXP 	target_image2: autoDraw = False
65.1620 	EXP 	probe_image2: autoDraw = True
65.3657 	EXP 	probe_image2: autoDraw = False
65.9001 	EXP 	New trial (rep=0, index=15): OrderedDict([('trialNum', 15)])
65.9081 	DATA 	Keypress: d
65.9155 	EXP 	target_image2: autoDraw = False
65.9155 	EXP 	probe_image2: autoDraw = False
65.9155 	EXP 	target_image2: image = '/Users/sophia/Documents/PycharmProjects/Local_VS_Global/stimuli/Spacing_Set/H-8sim0.bmp'
65.9155 	EXP 	probe_image2: image = '/Users/sophia/Documents/PycharmProjects/Local_VS_Global/stimuli/Spacing_Set/H-8sim1.bmp'
65.9155 	EXP 	target_image2: autoDraw = True
66.0993 	EXP 	window1: recordFrameIntervals = False
66.1175 	EXP 	target_image2: autoDraw = False
66.1176 	EXP 	window1: recordFrameIntervals = True
66.4451 	EXP 	probe_image2: autoDraw = True
66.6490 	EXP 	probe_image2: autoDraw = False
67.3343 	EXP 	New trial (rep=0, index=16): OrderedDict([('trialNum', 16)])
67.3430 	DATA 	Keypress: d
67.3486 	EXP 	target_image2: autoDraw = False
67.3486 	EXP 	probe_image2: autoDraw = False
67.3486 	EXP 	target_image2: image = '/Users/sophia/Documents/PycharmProjects/Local_VS_Global/stimuli/Spacing_Set/H-8sim3.bmp'
67.3486 	EXP 	probe_image2: image = '/Users/sophia/Documents/PycharmProjects/Local_VS_Global/stimuli/Spacing_Set/H-8sim3.bmp'
67.3486 	EXP 	target_image2: autoDraw = True
67.5343 	EXP 	window1: recordFrameIntervals = False
67.5493 	EXP 	target_image2: autoDraw = False
67.5494 	EXP 	window1: recordFrameIntervals = True
67.8652 	EXP 	probe_image2: autoDraw = True
68.0656 	EXP 	probe_image2: autoDraw = False
68.6006 	EXP 	New trial (rep=0, index=17): OrderedDict([('trialNum', 17)])
68.6101 	DATA 	Keypress: s
68.6152 	EXP 	target_image2: autoDraw = False
68.6152 	EXP 	probe_image2: autoDraw = False
68.6152 	EXP 	target_image2: image = '/Users/sophia/Documents/PycharmProjects/Local_VS_Global/stimuli/Spacing_Set/H-8sim3.bmp'
68.6152 	EXP 	probe_image2: image = '/Users/sophia/Documents/PycharmProjects/Local_VS_Global/stimuli/Spacing_Set/H-8sim3.bmp'
68.6152 	EXP 	target_image2: autoDraw = True
68.8011 	EXP 	window1: recordFrameIntervals = False
68.8159 	EXP 	target_image2: autoDraw = False
68.8160 	EXP 	window1: recordFrameIntervals = True
69.1321 	EXP 	probe_image2: autoDraw = True
69.3346 	EXP 	probe_image2: autoDraw = False
69.7360 	EXP 	New trial (rep=0, index=18): OrderedDict([('trialNum', 18)])
69.7454 	DATA 	Keypress: s
69.7675 	EXP 	target_image2: autoDraw = False
69.7675 	EXP 	probe_image2: autoDraw = False
69.7675 	EXP 	target_image2: image = '/Users/sophia/Documents/PycharmProjects/Local_VS_Global/stimuli/Spacing_Set/H-8sim1.bmp'
69.7675 	EXP 	probe_image2: image = '/Users/sophia/Documents/PycharmProjects/Local_VS_Global/stimuli/Spacing_Set/H-8sim2.bmp'
69.7675 	EXP 	target_image2: autoDraw = True
69.9507 	EXP 	window1: recordFrameIntervals = False
69.9653 	EXP 	target_image2: autoDraw = False
69.9654 	EXP 	window1: recordFrameIntervals = True
70.2821 	EXP 	probe_image2: autoDraw = True
70.4823 	EXP 	probe_image2: autoDraw = False
70.6340 	EXP 	New trial (rep=0, index=19): OrderedDict([('trialNum', 19)])
70.6437 	DATA 	Keypress: d
70.6484 	EXP 	target_image2: autoDraw = False
70.6484 	EXP 	probe_image2: autoDraw = False
70.6484 	EXP 	target_image2: image = '/Users/sophia/Documents/PycharmProjects/Local_VS_Global/stimuli/Spacing_Set/H-8sim1.bmp'
70.6484 	EXP 	probe_image2: image = '/Users/sophia/Documents/PycharmProjects/Local_VS_Global/stimuli/Spacing_Set/H-8sim0.bmp'
70.6484 	EXP 	target_image2: autoDraw = True
70.8341 	EXP 	window1: recordFrameIntervals = False
70.8489 	EXP 	target_image2: autoDraw = False
70.8490 	EXP 	window1: recordFrameIntervals = True
71.1650 	EXP 	probe_image2: autoDraw = True
71.3655 	EXP 	probe_image2: autoDraw = False
71.4334 	EXP 	New trial (rep=0, index=20): OrderedDict([('trialNum', 20)])
71.4428 	DATA 	Keypress: s
71.4489 	EXP 	target_image2: autoDraw = False
71.4489 	EXP 	probe_image2: autoDraw = False
71.4489 	EXP 	target_image2: image = '/Users/sophia/Documents/PycharmProjects/Local_VS_Global/stimuli/Spacing_Set/H-8sim0.bmp'
71.4489 	EXP 	probe_image2: image = '/Users/sophia/Documents/PycharmProjects/Local_VS_Global/stimuli/Spacing_Set/H-8sim0.bmp'
71.4489 	EXP 	target_image2: autoDraw = True
71.6340 	EXP 	window1: recordFrameIntervals = False
71.6487 	EXP 	target_image2: autoDraw = False
71.6488 	EXP 	window1: recordFrameIntervals = True
71.9653 	EXP 	probe_image2: autoDraw = True
72.1652 	EXP 	probe_image2: autoDraw = False
72.2191 	EXP 	New trial (rep=0, index=21): OrderedDict([('trialNum', 21)])
72.2268 	DATA 	Keypress: d
72.2318 	EXP 	target_image2: autoDraw = False
72.2318 	EXP 	probe_image2: autoDraw = False
72.2318 	EXP 	target_image2: image = '/Users/sophia/Documents/PycharmProjects/Local_VS_Global/stimuli/Spacing_Set/H-8sim2.bmp'
72.2318 	EXP 	probe_image2: image = '/Users/sophia/Documents/PycharmProjects/Local_VS_Global/stimuli/Spacing_Set/H-8sim1.bmp'
72.2318 	EXP 	target_image2: autoDraw = True
72.4174 	EXP 	window1: recordFrameIntervals = False
72.4323 	EXP 	target_image2: autoDraw = False
72.4325 	EXP 	window1: recordFrameIntervals = True
72.7487 	EXP 	probe_image2: autoDraw = True
72.9489 	EXP 	probe_image2: autoDraw = False
73.1175 	EXP 	New trial (rep=0, index=22): OrderedDict([('trialNum', 22)])
73.1265 	DATA 	Keypress: s
73.1318 	EXP 	target_image2: autoDraw = False
73.1318 	EXP 	probe_image2: autoDraw = False
73.1318 	EXP 	target_image2: image = '/Users/sophia/Documents/PycharmProjects/Local_VS_Global/stimuli/Spacing_Set/H-8sim2.bmp'
73.1318 	EXP 	probe_image2: image = '/Users/sophia/Documents/PycharmProjects/Local_VS_Global/stimuli/Spacing_Set/H-8sim2.bmp'
73.1318 	EXP 	target_image2: autoDraw = True
73.3171 	EXP 	window1: recordFrameIntervals = False
73.3322 	EXP 	target_image2: autoDraw = False
73.3323 	EXP 	window1: recordFrameIntervals = True
73.6485 	EXP 	probe_image2: autoDraw = True
73.8500 	EXP 	probe_image2: autoDraw = False
73.8514 	EXP 	New trial (rep=0, index=23): OrderedDict([('trialNum', 23)])
73.8559 	DATA 	Keypress: d
73.8650 	EXP 	target_image2: autoDraw = False
73.8650 	EXP 	probe_image2: autoDraw = False
73.8650 	EXP 	target_image2: image = '/Users/sophia/Documents/PycharmProjects/Local_VS_Global/stimuli/Spacing_Set/H-8sim1.bmp'
73.8650 	EXP 	probe_image2: image = '/Users/sophia/Documents/PycharmProjects/Local_VS_Global/stimuli/Spacing_Set/H-8sim1.bmp'
73.8650 	EXP 	target_image2: autoDraw = True
74.0508 	EXP 	window1: recordFrameIntervals = False
74.0654 	EXP 	target_image2: autoDraw = False
74.0655 	EXP 	window1: recordFrameIntervals = True
74.3820 	EXP 	probe_image2: autoDraw = True
74.5840 	EXP 	probe_image2: autoDraw = False
74.7870 	DATA 	Keypress: s
74.7991 	EXP 	target_image2: autoDraw = False
74.7991 	EXP 	probe_image2: autoDraw = False
74.7991 	EXP 	face_instructions: autoDraw = True
76.6227 	EXP 	Imported trials24.csv as conditions, 24 conditions, 1 params
76.6231 	EXP 	Created sequence: sequential, trialTypes=24, nReps=1, seed=None
76.6235 	EXP 	New trial (rep=0, index=0): OrderedDict([('trialNum', 0)])
76.6391 	DATA 	Keypress: space
76.6486 	EXP 	face_instructions: autoDraw = False
76.6486 	EXP 	target_image3: image = '/Users/sophia/Documents/PycharmProjects/Local_VS_Global/stimuli/Spacing_Set/eimd.tif'
76.6486 	EXP 	probe_image3: image = '/Users/sophia/Documents/PycharmProjects/Local_VS_Global/stimuli/Spacing_Set/eimd.tif'
76.6486 	EXP 	target_image3: autoDraw = True
76.8323 	EXP 	window1: recordFrameIntervals = False
76.8506 	EXP 	target_image3: autoDraw = False
76.8508 	EXP 	window1: recordFrameIntervals = True
77.1791 	EXP 	probe_image3: autoDraw = True
77.3823 	EXP 	probe_image3: autoDraw = False
78.0342 	EXP 	New trial (rep=0, index=1): OrderedDict([('trialNum', 1)])
78.0521 	DATA 	Keypress: d
78.0656 	EXP 	target_image3: autoDraw = False
78.0656 	EXP 	probe_image3: autoDraw = False
78.0656 	EXP 	target_image3: image = '/Users/sophia/Documents/PycharmProjects/Local_VS_Global/stimuli/Spacing_Set/eumu.tif'
78.0656 	EXP 	probe_image3: image = '/Users/sophia/Documents/PycharmProjects/Local_VS_Global/stimuli/Spacing_Set/eimd.tif'
78.0656 	EXP 	target_image3: autoDraw = True
78.2491 	EXP 	window1: recordFrameIntervals = False
78.2670 	EXP 	target_image3: autoDraw = False
78.2671 	EXP 	window1: recordFrameIntervals = True
78.5953 	EXP 	probe_image3: autoDraw = True
78.8007 	EXP 	probe_image3: autoDraw = False
79.6677 	EXP 	New trial (rep=0, index=2): OrderedDict([('trialNum', 2)])
79.6806 	DATA 	Keypress: d
79.7005 	EXP 	target_image3: autoDraw = False
79.7005 	EXP 	probe_image3: autoDraw = False
79.7005 	EXP 	target_image3: image = '/Users/sophia/Documents/PycharmProjects/Local_VS_Global/stimuli/Spacing_Set/eimd.tif'
79.7005 	EXP 	probe_image3: image = '/Users/sophia/Documents/PycharmProjects/Local_VS_Global/stimuli/Spacing_Set/edmd.tif'
79.7005 	EXP 	target_image3: autoDraw = True
79.8825 	EXP 	window1: recordFrameIntervals = False
79.8990 	EXP 	window1: recordFrameIntervals = True
80.2074 	EXP 	target_image3: autoDraw = False
80.2288 	EXP 	probe_image3: autoDraw = True
80.4341 	EXP 	probe_image3: autoDraw = False
80.6507 	EXP 	New trial (rep=0, index=3): OrderedDict([('trialNum', 3)])
80.6578 	DATA 	Keypress: s
80.6654 	EXP 	target_image3: autoDraw = False
80.6654 	EXP 	probe_image3: autoDraw = False
80.6654 	EXP 	target_image3: image = '/Users/sophia/Documents/PycharmProjects/Local_VS_Global/stimuli/Spacing_Set/edmd.tif'
80.6654 	EXP 	probe_image3: image = '/Users/sophia/Documents/PycharmProjects/Local_VS_Global/stimuli/Spacing_Set/edmd.tif'
80.6654 	EXP 	target_image3: autoDraw = True
80.8492 	EXP 	window1: recordFrameIntervals = False
80.8673 	EXP 	target_image3: autoDraw = False
80.8675 	EXP 	window1: recordFrameIntervals = True
81.1947 	EXP 	probe_image3: autoDraw = True
81.2341 	DATA 	Keypress: d
81.3991 	EXP 	probe_image3: autoDraw = False
82.1669 	EXP 	New trial (rep=0, index=4): OrderedDict([('trialNum', 4)])
82.1782 	DATA 	Keypress: s
82.1828 	EXP 	target_image3: autoDraw = False
82.1828 	EXP 	probe_image3: autoDraw = False
82.1828 	EXP 	target_image3: image = '/Users/sophia/Documents/PycharmProjects/Local_VS_Global/stimuli/Spacing_Set/eomu.tif'
82.1828 	EXP 	probe_image3: image = '/Users/sophia/Documents/PycharmProjects/Local_VS_Global/stimuli/Spacing_Set/eomu.tif'
82.1828 	EXP 	target_image3: autoDraw = True
82.3824 	EXP 	target_image3: autoDraw = False
82.3825 	EXP 	window1: recordFrameIntervals = False
82.4010 	EXP 	window1: recordFrameIntervals = True
82.7292 	EXP 	probe_image3: autoDraw = True
82.9326 	EXP 	probe_image3: autoDraw = False
83.0337 	EXP 	New trial (rep=0, index=5): OrderedDict([('trialNum', 5)])
83.0449 	DATA 	Keypress: d
83.0496 	EXP 	target_image3: autoDraw = False
83.0496 	EXP 	probe_image3: autoDraw = False
83.0496 	EXP 	target_image3: image = '/Users/sophia/Documents/PycharmProjects/Local_VS_Global/stimuli/Spacing_Set/eumu.tif'
83.0496 	EXP 	probe_image3: image = '/Users/sophia/Documents/PycharmProjects/Local_VS_Global/stimuli/Spacing_Set/eomu.tif'
83.0496 	EXP 	target_image3: autoDraw = True
83.2490 	EXP 	target_image3: autoDraw = False
83.2491 	EXP 	window1: recordFrameIntervals = False
83.2676 	EXP 	window1: recordFrameIntervals = True
83.5946 	EXP 	probe_image3: autoDraw = True
83.7341 	DATA 	Keypress: s
83.8010 	EXP 	probe_image3: autoDraw = False
84.5338 	EXP 	New trial (rep=0, index=6): OrderedDict([('trialNum', 6)])
84.5495 	DATA 	Keypress: d
84.5676 	EXP 	target_image3: autoDraw = False
84.5676 	EXP 	probe_image3: autoDraw = False
84.5676 	EXP 	target_image3: image = '/Users/sophia/Documents/PycharmProjects/Local_VS_Global/stimuli/Spacing_Set/eumu.tif'
84.5676 	EXP 	probe_image3: image = '/Users/sophia/Documents/PycharmProjects/Local_VS_Global/stimuli/Spacing_Set/eumu.tif'
84.5676 	EXP 	target_image3: autoDraw = True
84.7492 	EXP 	window1: recordFrameIntervals = False
84.7676 	EXP 	window1: recordFrameIntervals = True
85.0741 	EXP 	target_image3: autoDraw = False
85.0952 	EXP 	probe_image3: autoDraw = True
85.2993 	EXP 	probe_image3: autoDraw = False
85.4843 	EXP 	New trial (rep=0, index=7): OrderedDict([('trialNum', 7)])
85.4912 	DATA 	Keypress: s
85.4990 	EXP 	target_image3: autoDraw = False
85.4990 	EXP 	probe_image3: autoDraw = False
85.4990 	EXP 	target_image3: image = '/Users/sophia/Documents/PycharmProjects/Local_VS_Global/stimuli/Spacing_Set/edmd.tif'
85.4990 	EXP 	probe_image3: image = '/Users/sophia/Documents/PycharmProjects/Local_VS_Global/stimuli/Spacing_Set/edmd.tif'
85.4990 	EXP 	target_image3: autoDraw = True
85.6827 	EXP 	window1: recordFrameIntervals = False
85.7007 	EXP 	target_image3: autoDraw = False
85.7008 	EXP 	window1: recordFrameIntervals = True
86.0287 	EXP 	probe_image3: autoDraw = True
86.1338 	DATA 	Keypress: d
86.2344 	EXP 	probe_image3: autoDraw = False
86.7531 	EXP 	New trial (rep=0, index=8): OrderedDict([('trialNum', 8)])
86.7637 	DATA 	Keypress: s
86.7840 	EXP 	target_image3: autoDraw = False
86.7840 	EXP 	probe_image3: autoDraw = False
86.7840 	EXP 	target_image3: image = '/Users/sophia/Documents/PycharmProjects/Local_VS_Global/stimuli/Spacing_Set/edmd.tif'
86.7840 	EXP 	probe_image3: image = '/Users/sophia/Documents/PycharmProjects/Local_VS_Global/stimuli/Spacing_Set/eumu.tif'
86.7840 	EXP 	target_image3: autoDraw = True
86.9659 	EXP 	window1: recordFrameIntervals = False
86.9845 	EXP 	window1: recordFrameIntervals = True
87.2910 	EXP 	target_image3: autoDraw = False
87.3126 	EXP 	probe_image3: autoDraw = True
87.5160 	EXP 	probe_image3: autoDraw = False
87.6838 	EXP 	New trial (rep=0, index=9): OrderedDict([('trialNum', 9)])
87.6906 	DATA 	Keypress: d
87.6991 	EXP 	target_image3: autoDraw = False
87.6991 	EXP 	probe_image3: autoDraw = False
87.6991 	EXP 	target_image3: image = '/Users/sophia/Documents/PycharmProjects/Local_VS_Global/stimuli/Spacing_Set/eimd.tif'
87.6991 	EXP 	probe_image3: image = '/Users/sophia/Documents/PycharmProjects/Local_VS_Global/stimuli/Spacing_Set/eimd.tif'
87.6991 	EXP 	target_image3: autoDraw = True
87.8843 	EXP 	window1: recordFrameIntervals = False
87.8991 	EXP 	target_image3: autoDraw = False
87.8992 	EXP 	window1: recordFrameIntervals = True
88.2155 	EXP 	probe_image3: autoDraw = True
88.4159 	EXP 	probe_image3: autoDraw = False
88.5356 	EXP 	New trial (rep=0, index=10): OrderedDict([('trialNum', 10)])
88.5424 	DATA 	Keypress: s
88.5490 	EXP 	target_image3: autoDraw = False
88.5490 	EXP 	probe_image3: autoDraw = False
88.5490 	EXP 	target_image3: image = '/Users/sophia/Documents/PycharmProjects/Local_VS_Global/stimuli/Spacing_Set/eomu.tif'
88.5490 	EXP 	probe_image3: image = '/Users/sophia/Documents/PycharmProjects/Local_VS_Global/stimuli/Spacing_Set/eimd.tif'
88.5490 	EXP 	target_image3: autoDraw = True
88.7327 	EXP 	window1: recordFrameIntervals = False
88.7510 	EXP 	target_image3: autoDraw = False
88.7512 	EXP 	window1: recordFrameIntervals = True
88.8745 	DATA 	Keypress: d
89.0784 	EXP 	probe_image3: autoDraw = True
89.2827 	EXP 	probe_image3: autoDraw = False
89.9334 	EXP 	New trial (rep=0, index=11): OrderedDict([('trialNum', 11)])
89.9448 	DATA 	Keypress: d
89.9492 	EXP 	target_image3: autoDraw = False
89.9492 	EXP 	probe_image3: autoDraw = False
89.9492 	EXP 	target_image3: image = '/Users/sophia/Documents/PycharmProjects/Local_VS_Global/stimuli/Spacing_Set/eimd.tif'
89.9492 	EXP 	probe_image3: image = '/Users/sophia/Documents/PycharmProjects/Local_VS_Global/stimuli/Spacing_Set/eumu.tif'
89.9492 	EXP 	target_image3: autoDraw = True
90.1491 	EXP 	target_image3: autoDraw = False
90.1492 	EXP 	window1: recordFrameIntervals = False
90.1675 	EXP 	window1: recordFrameIntervals = True
90.4168 	DATA 	Keypress: d
90.4953 	EXP 	probe_image3: autoDraw = True
90.6991 	EXP 	probe_image3: autoDraw = False
91.1521 	EXP 	New trial (rep=0, index=12): OrderedDict([('trialNum', 12)])
91.1679 	DATA 	Keypress: s
91.1827 	EXP 	target_image3: autoDraw = False
91.1827 	EXP 	probe_image3: autoDraw = False
91.1827 	EXP 	target_image3: image = '/Users/sophia/Documents/PycharmProjects/Local_VS_Global/stimuli/Spacing_Set/eumu.tif'
91.1827 	EXP 	probe_image3: image = '/Users/sophia/Documents/PycharmProjects/Local_VS_Global/stimuli/Spacing_Set/eumu.tif'
91.1827 	EXP 	target_image3: autoDraw = True
91.3658 	EXP 	window1: recordFrameIntervals = False
91.3843 	EXP 	target_image3: autoDraw = False
91.3844 	EXP 	window1: recordFrameIntervals = True
91.7117 	EXP 	probe_image3: autoDraw = True
91.9155 	EXP 	probe_image3: autoDraw = False
92.0171 	EXP 	New trial (rep=0, index=13): OrderedDict([('trialNum', 13)])
92.0247 	DATA 	Keypress: d
92.0323 	EXP 	target_image3: autoDraw = False
92.0323 	EXP 	probe_image3: autoDraw = False
92.0323 	EXP 	target_image3: image = '/Users/sophia/Documents/PycharmProjects/Local_VS_Global/stimuli/Spacing_Set/eomu.tif'
92.0323 	EXP 	probe_image3: image = '/Users/sophia/Documents/PycharmProjects/Local_VS_Global/stimuli/Spacing_Set/eomu.tif'
92.0323 	EXP 	target_image3: autoDraw = True
92.2154 	EXP 	window1: recordFrameIntervals = False
92.2343 	EXP 	target_image3: autoDraw = False
92.2344 	EXP 	window1: recordFrameIntervals = True
92.5620 	EXP 	probe_image3: autoDraw = True
92.6005 	DATA 	Keypress: s
92.7684 	EXP 	probe_image3: autoDraw = False
92.8168 	EXP 	New trial (rep=0, index=14): OrderedDict([('trialNum', 14)])
92.8331 	DATA 	Keypress: d
92.8493 	EXP 	target_image3: autoDraw = False
92.8493 	EXP 	probe_image3: autoDraw = False
92.8493 	EXP 	target_image3: image = '/Users/sophia/Documents/PycharmProjects/Local_VS_Global/stimuli/Spacing_Set/eumu.tif'
92.8493 	EXP 	probe_image3: image = '/Users/sophia/Documents/PycharmProjects/Local_VS_Global/stimuli/Spacing_Set/eumu.tif'
92.8493 	EXP 	target_image3: autoDraw = True
93.0345 	EXP 	window1: recordFrameIntervals = False
93.0490 	EXP 	target_image3: autoDraw = False
93.0491 	EXP 	window1: recordFrameIntervals = True
93.3652 	EXP 	probe_image3: autoDraw = True
93.4187 	DATA 	Keypress: s
93.5656 	EXP 	probe_image3: autoDraw = False
93.6843 	EXP 	New trial (rep=0, index=15): OrderedDict([('trialNum', 15)])
93.6924 	DATA 	Keypress: d
93.6990 	EXP 	target_image3: autoDraw = False
93.6990 	EXP 	probe_image3: autoDraw = False
93.6990 	EXP 	target_image3: image = '/Users/sophia/Documents/PycharmProjects/Local_VS_Global/stimuli/Spacing_Set/eomu.tif'
93.6990 	EXP 	probe_image3: image = '/Users/sophia/Documents/PycharmProjects/Local_VS_Global/stimuli/Spacing_Set/edmd.tif'
93.6990 	EXP 	target_image3: autoDraw = True
93.8842 	EXP 	window1: recordFrameIntervals = False
93.8991 	EXP 	target_image3: autoDraw = False
93.8992 	EXP 	window1: recordFrameIntervals = True
94.1295 	DATA 	Keypress: s
94.2154 	EXP 	probe_image3: autoDraw = True
94.4157 	EXP 	probe_image3: autoDraw = False
94.5530 	EXP 	New trial (rep=0, index=16): OrderedDict([('trialNum', 16)])
94.5616 	DATA 	Keypress: d
94.5662 	EXP 	target_image3: autoDraw = False
94.5662 	EXP 	probe_image3: autoDraw = False
94.5662 	EXP 	target_image3: image = '/Users/sophia/Documents/PycharmProjects/Local_VS_Global/stimuli/Spacing_Set/eimd.tif'
94.5662 	EXP 	probe_image3: image = '/Users/sophia/Documents/PycharmProjects/Local_VS_Global/stimuli/Spacing_Set/eomu.tif'
94.5662 	EXP 	target_image3: autoDraw = True
94.7660 	EXP 	target_image3: autoDraw = False
94.7662 	EXP 	window1: recordFrameIntervals = False
94.7845 	EXP 	window1: recordFrameIntervals = True
94.8783 	DATA 	Keypress: s
95.1128 	EXP 	probe_image3: autoDraw = True
95.2354 	DATA 	Keypress: d
95.3160 	EXP 	probe_image3: autoDraw = False
96.3835 	EXP 	New trial (rep=0, index=17): OrderedDict([('trialNum', 17)])
96.3902 	DATA 	Keypress: s
96.3989 	EXP 	target_image3: autoDraw = False
96.3989 	EXP 	probe_image3: autoDraw = False
96.3989 	EXP 	target_image3: image = '/Users/sophia/Documents/PycharmProjects/Local_VS_Global/stimuli/Spacing_Set/edmd.tif'
96.3989 	EXP 	probe_image3: image = '/Users/sophia/Documents/PycharmProjects/Local_VS_Global/stimuli/Spacing_Set/eimd.tif'
96.3989 	EXP 	target_image3: autoDraw = True
96.5847 	EXP 	window1: recordFrameIntervals = False
96.5995 	EXP 	target_image3: autoDraw = False
96.5996 	EXP 	window1: recordFrameIntervals = True
96.9156 	EXP 	probe_image3: autoDraw = True
97.1160 	EXP 	probe_image3: autoDraw = False
97.4364 	EXP 	New trial (rep=0, index=18): OrderedDict([('trialNum', 18)])
97.4444 	DATA 	Keypress: d
97.4488 	EXP 	target_image3: autoDraw = False
97.4488 	EXP 	probe_image3: autoDraw = False
97.4488 	EXP 	target_image3: image = '/Users/sophia/Documents/PycharmProjects/Local_VS_Global/stimuli/Spacing_Set/edmd.tif'
97.4488 	EXP 	probe_image3: image = '/Users/sophia/Documents/PycharmProjects/Local_VS_Global/stimuli/Spacing_Set/eomu.tif'
97.4488 	EXP 	target_image3: autoDraw = True
97.6344 	EXP 	window1: recordFrameIntervals = False
97.6491 	EXP 	target_image3: autoDraw = False
97.6493 	EXP 	window1: recordFrameIntervals = True
97.9654 	EXP 	probe_image3: autoDraw = True
98.1659 	EXP 	probe_image3: autoDraw = False
98.2187 	EXP 	New trial (rep=0, index=19): OrderedDict([('trialNum', 19)])
98.2252 	DATA 	Keypress: d
98.2324 	EXP 	target_image3: autoDraw = False
98.2324 	EXP 	probe_image3: autoDraw = False
98.2324 	EXP 	target_image3: image = '/Users/sophia/Documents/PycharmProjects/Local_VS_Global/stimuli/Spacing_Set/edmd.tif'
98.2324 	EXP 	probe_image3: image = '/Users/sophia/Documents/PycharmProjects/Local_VS_Global/stimuli/Spacing_Set/edmd.tif'
98.2324 	EXP 	target_image3: autoDraw = True
98.4179 	EXP 	window1: recordFrameIntervals = False
98.4326 	EXP 	target_image3: autoDraw = False
98.4328 	EXP 	window1: recordFrameIntervals = True
98.7487 	EXP 	probe_image3: autoDraw = True
98.9510 	EXP 	probe_image3: autoDraw = False
99.3695 	EXP 	New trial (rep=0, index=20): OrderedDict([('trialNum', 20)])
99.3770 	DATA 	Keypress: d
99.3820 	EXP 	target_image3: autoDraw = False
99.3820 	EXP 	probe_image3: autoDraw = False
99.3820 	EXP 	target_image3: image = '/Users/sophia/Documents/PycharmProjects/Local_VS_Global/stimuli/Spacing_Set/eimd.tif'
99.3820 	EXP 	probe_image3: image = '/Users/sophia/Documents/PycharmProjects/Local_VS_Global/stimuli/Spacing_Set/eimd.tif'
99.3820 	EXP 	target_image3: autoDraw = True
99.5677 	EXP 	window1: recordFrameIntervals = False
99.5826 	EXP 	target_image3: autoDraw = False
99.5828 	EXP 	window1: recordFrameIntervals = True
99.8985 	EXP 	probe_image3: autoDraw = True
100.1012 	EXP 	probe_image3: autoDraw = False
100.2020 	EXP 	New trial (rep=0, index=21): OrderedDict([('trialNum', 21)])
100.2137 	DATA 	Keypress: s
100.2343 	EXP 	target_image3: autoDraw = False
100.2343 	EXP 	probe_image3: autoDraw = False
100.2343 	EXP 	target_image3: image = '/Users/sophia/Documents/PycharmProjects/Local_VS_Global/stimuli/Spacing_Set/eomu.tif'
100.2343 	EXP 	probe_image3: image = '/Users/sophia/Documents/PycharmProjects/Local_VS_Global/stimuli/Spacing_Set/eumu.tif'
100.2343 	EXP 	target_image3: autoDraw = True
100.4178 	EXP 	window1: recordFrameIntervals = False
100.4325 	EXP 	target_image3: autoDraw = False
100.4326 	EXP 	window1: recordFrameIntervals = True
100.7488 	EXP 	probe_image3: autoDraw = True
100.9507 	EXP 	probe_image3: autoDraw = False
101.0335 	EXP 	New trial (rep=0, index=22): OrderedDict([('trialNum', 22)])
101.0408 	DATA 	Keypress: s
101.0491 	EXP 	target_image3: autoDraw = False
101.0491 	EXP 	probe_image3: autoDraw = False
101.0491 	EXP 	target_image3: image = '/Users/sophia/Documents/PycharmProjects/Local_VS_Global/stimuli/Spacing_Set/eomu.tif'
101.0491 	EXP 	probe_image3: image = '/Users/sophia/Documents/PycharmProjects/Local_VS_Global/stimuli/Spacing_Set/eomu.tif'
101.0491 	EXP 	target_image3: autoDraw = True
101.1176 	DATA 	Keypress: d
101.2336 	EXP 	window1: recordFrameIntervals = False
101.2509 	EXP 	target_image3: autoDraw = False
101.2510 	EXP 	window1: recordFrameIntervals = True
101.5653 	EXP 	probe_image3: autoDraw = True
101.7675 	EXP 	probe_image3: autoDraw = False
101.8168 	EXP 	New trial (rep=0, index=23): OrderedDict([('trialNum', 23)])
101.8293 	DATA 	Keypress: d
101.8510 	EXP 	target_image3: autoDraw = False
101.8510 	EXP 	probe_image3: autoDraw = False
101.8510 	EXP 	target_image3: image = '/Users/sophia/Documents/PycharmProjects/Local_VS_Global/stimuli/Spacing_Set/eumu.tif'
101.8510 	EXP 	probe_image3: image = '/Users/sophia/Documents/PycharmProjects/Local_VS_Global/stimuli/Spacing_Set/edmd.tif'
101.8510 	EXP 	target_image3: autoDraw = True
102.0326 	EXP 	window1: recordFrameIntervals = False
102.0512 	EXP 	window1: recordFrameIntervals = True
102.3574 	EXP 	target_image3: autoDraw = False
102.3786 	EXP 	probe_image3: autoDraw = True
102.4704 	DATA 	Keypress: d
102.5844 	EXP 	probe_image3: autoDraw = False
102.6718 	DATA 	Keypress: s
102.6825 	EXP 	target_image3: autoDraw = False
102.6825 	EXP 	probe_image3: autoDraw = False
102.6825 	EXP 	haus_instructions: autoDraw = True
104.1055 	EXP 	Imported trials24.csv as conditions, 24 conditions, 1 params
104.1058 	EXP 	Created sequence: sequential, trialTypes=24, nReps=1, seed=None
104.1062 	EXP 	New trial (rep=0, index=0): OrderedDict([('trialNum', 0)])
104.1216 	DATA 	Keypress: space
104.1320 	EXP 	haus_instructions: autoDraw = False
104.1320 	EXP 	target_image4: image = '/Users/sophia/Documents/PycharmProjects/Local_VS_Global/stimuli/Featural_Set/H8sim0.bmp'
104.1320 	EXP 	probe_image4: image = '/Users/sophia/Documents/PycharmProjects/Local_VS_Global/stimuli/Featural_Set/H7sim0.bmp'
104.1320 	EXP 	target_image4: autoDraw = True
104.3160 	EXP 	window1: recordFrameIntervals = False
104.3345 	EXP 	target_image4: autoDraw = False
104.3346 	EXP 	window1: recordFrameIntervals = True
104.6626 	EXP 	probe_image4: autoDraw = True
104.8676 	EXP 	probe_image4: autoDraw = False
105.4695 	EXP 	New trial (rep=0, index=1): OrderedDict([('trialNum', 1)])
105.4778 	DATA 	Keypress: d
105.4820 	EXP 	target_image4: autoDraw = False
105.4820 	EXP 	probe_image4: autoDraw = False
105.4820 	EXP 	target_image4: image = '/Users/sophia/Documents/PycharmProjects/Local_VS_Global/stimuli/Featural_Set/H5sim0.bmp'
105.4820 	EXP 	probe_image4: image = '/Users/sophia/Documents/PycharmProjects/Local_VS_Global/stimuli/Featural_Set/H5sim0.bmp'
105.4820 	EXP 	target_image4: autoDraw = True
105.6845 	EXP 	target_image4: autoDraw = False
105.6847 	EXP 	window1: recordFrameIntervals = False
105.6992 	EXP 	window1: recordFrameIntervals = True
106.0156 	EXP 	probe_image4: autoDraw = True
106.2156 	EXP 	probe_image4: autoDraw = False
106.5691 	EXP 	New trial (rep=0, index=2): OrderedDict([('trialNum', 2)])
106.5782 	DATA 	Keypress: s
106.5826 	EXP 	target_image4: autoDraw = False
106.5826 	EXP 	probe_image4: autoDraw = False
106.5826 	EXP 	target_image4: image = '/Users/sophia/Documents/PycharmProjects/Local_VS_Global/stimuli/Featural_Set/H7sim0.bmp'
106.5826 	EXP 	probe_image4: image = '/Users/sophia/Documents/PycharmProjects/Local_VS_Global/stimuli/Featural_Set/H7sim0.bmp'
106.5826 	EXP 	target_image4: autoDraw = True
106.7677 	EXP 	window1: recordFrameIntervals = False
106.7828 	EXP 	target_image4: autoDraw = False
106.7829 	EXP 	window1: recordFrameIntervals = True
107.0991 	EXP 	probe_image4: autoDraw = True
107.2993 	EXP 	probe_image4: autoDraw = False
107.5337 	EXP 	New trial (rep=0, index=3): OrderedDict([('trialNum', 3)])
107.5377 	DATA 	Keypress: d
107.5495 	EXP 	target_image4: autoDraw = False
107.5495 	EXP 	probe_image4: autoDraw = False
107.5495 	EXP 	target_image4: image = '/Users/sophia/Documents/PycharmProjects/Local_VS_Global/stimuli/Featural_Set/H8sim0.bmp'
107.5495 	EXP 	probe_image4: image = '/Users/sophia/Documents/PycharmProjects/Local_VS_Global/stimuli/Featural_Set/H8sim0.bmp'
107.5495 	EXP 	target_image4: autoDraw = True
107.7346 	EXP 	window1: recordFrameIntervals = False
107.7492 	EXP 	target_image4: autoDraw = False
107.7493 	EXP 	window1: recordFrameIntervals = True
108.0655 	EXP 	probe_image4: autoDraw = True
108.2678 	EXP 	probe_image4: autoDraw = False
108.7020 	EXP 	New trial (rep=0, index=4): OrderedDict([('trialNum', 4)])
108.7144 	DATA 	Keypress: d
108.7342 	EXP 	target_image4: autoDraw = False
108.7342 	EXP 	probe_image4: autoDraw = False
108.7342 	EXP 	target_image4: image = '/Users/sophia/Documents/PycharmProjects/Local_VS_Global/stimuli/Featural_Set/H8sim0.bmp'
108.7342 	EXP 	probe_image4: image = '/Users/sophia/Documents/PycharmProjects/Local_VS_Global/stimuli/Featural_Set/H6sim0.bmp'
108.7342 	EXP 	target_image4: autoDraw = True
108.9163 	EXP 	window1: recordFrameIntervals = False
108.9347 	EXP 	window1: recordFrameIntervals = True
109.2410 	EXP 	target_image4: autoDraw = False
109.2620 	EXP 	probe_image4: autoDraw = True
109.4663 	EXP 	probe_image4: autoDraw = False
109.7020 	EXP 	New trial (rep=0, index=5): OrderedDict([('trialNum', 5)])
109.7067 	DATA 	Keypress: d
109.7159 	EXP 	target_image4: autoDraw = False
109.7159 	EXP 	probe_image4: autoDraw = False
109.7159 	EXP 	target_image4: image = '/Users/sophia/Documents/PycharmProjects/Local_VS_Global/stimuli/Featural_Set/H8sim0.bmp'
109.7159 	EXP 	probe_image4: image = '/Users/sophia/Documents/PycharmProjects/Local_VS_Global/stimuli/Featural_Set/H5sim0.bmp'
109.7159 	EXP 	target_image4: autoDraw = True
109.8993 	EXP 	window1: recordFrameIntervals = False
109.9175 	EXP 	target_image4: autoDraw = False
109.9176 	EXP 	window1: recordFrameIntervals = True
110.2462 	EXP 	probe_image4: autoDraw = True
110.4496 	EXP 	probe_image4: autoDraw = False
110.4517 	EXP 	New trial (rep=0, index=6): OrderedDict([('trialNum', 6)])
110.4609 	DATA 	Keypress: s
110.4654 	EXP 	target_image4: autoDraw = False
110.4654 	EXP 	probe_image4: autoDraw = False
110.4654 	EXP 	target_image4: image = '/Users/sophia/Documents/PycharmProjects/Local_VS_Global/stimuli/Featural_Set/H6sim0.bmp'
110.4654 	EXP 	probe_image4: image = '/Users/sophia/Documents/PycharmProjects/Local_VS_Global/stimuli/Featural_Set/H6sim0.bmp'
110.4654 	EXP 	target_image4: autoDraw = True
110.6511 	EXP 	window1: recordFrameIntervals = False
110.6662 	EXP 	target_image4: autoDraw = False
110.6663 	EXP 	window1: recordFrameIntervals = True
110.9821 	EXP 	probe_image4: autoDraw = True
111.0674 	DATA 	Keypress: d
111.1840 	EXP 	probe_image4: autoDraw = False
112.0502 	EXP 	New trial (rep=0, index=7): OrderedDict([('trialNum', 7)])
112.0571 	DATA 	Keypress: d
112.0655 	EXP 	target_image4: autoDraw = False
112.0655 	EXP 	probe_image4: autoDraw = False
112.0655 	EXP 	target_image4: image = '/Users/sophia/Documents/PycharmProjects/Local_VS_Global/stimuli/Featural_Set/H7sim0.bmp'
112.0655 	EXP 	probe_image4: image = '/Users/sophia/Documents/PycharmProjects/Local_VS_Global/stimuli/Featural_Set/H6sim0.bmp'
112.0655 	EXP 	target_image4: autoDraw = True
112.2510 	EXP 	window1: recordFrameIntervals = False
112.2658 	EXP 	target_image4: autoDraw = False
112.2659 	EXP 	window1: recordFrameIntervals = True
112.5820 	EXP 	probe_image4: autoDraw = True
112.7843 	EXP 	probe_image4: autoDraw = False
112.8337 	EXP 	New trial (rep=0, index=8): OrderedDict([('trialNum', 8)])
112.8451 	DATA 	Keypress: d
112.8488 	EXP 	target_image4: autoDraw = False
112.8488 	EXP 	probe_image4: autoDraw = False
112.8488 	EXP 	target_image4: image = '/Users/sophia/Documents/PycharmProjects/Local_VS_Global/stimuli/Featural_Set/H6sim0.bmp'
112.8488 	EXP 	probe_image4: image = '/Users/sophia/Documents/PycharmProjects/Local_VS_Global/stimuli/Featural_Set/H6sim0.bmp'
112.8488 	EXP 	target_image4: autoDraw = True
113.0513 	EXP 	target_image4: autoDraw = False
113.0514 	EXP 	window1: recordFrameIntervals = False
113.0654 	EXP 	window1: recordFrameIntervals = True
113.3819 	EXP 	probe_image4: autoDraw = True
113.3836 	DATA 	Keypress: s
113.5826 	EXP 	probe_image4: autoDraw = False
114.2672 	DATA 	Keypress: escape
114.7176 	EXP 	window1: mouseVisible = True
